

-------------------------------------------------
CS240: lab7. cs240   
Sun Mar 26 14:55:47 EDT 2017
-------------------------------------------------
TestStack test1                     : 0   of 10 
TestMyString test1                  : 0   of 2  
TestMyString test2                  : 0   of 2  
TestMyString test3                  : 0   of 2  
TestMyString test4                  : 3   of 3  
TestMyString test5                  : 0   of 3  
TestMyString test6                  : 0   of 3  
TestMyString test7                  : 0   of 3  
TestMyString test8                  : 0   of 3  
TestMyString test9                  : 0   of 3  
TestMyString test10                 : 0   of 3  
TestMyString test11                 : 0   of 3  
-------------------------------------------------
CS240: lab7. cs240 Sun Mar 26 14:55:47 EDT 2017  Total:  3 of 40



-------------------------------------------------
CS240: lab7. cs240   
Sun Mar 26 15:54:54 EDT 2017
-------------------------------------------------
TestStack test1                     : 0   of 10 
TestMyString test1                  : 0   of 2  
TestMyString test2                  : 0   of 2  
TestMyString test3                  : 0   of 2  
TestMyString test4                  : 3   of 3  
TestMyString test5                  : 0   of 3  
TestMyString test6                  : 0   of 3  
TestMyString test7                  : 0   of 3  
TestMyString test8                  : 0   of 3  
TestMyString test9                  : 0   of 3  
TestMyString test10                 : 0   of 3  
TestMyString test11                 : 0   of 3  
-------------------------------------------------
CS240: lab7. cs240 Sun Mar 26 15:54:54 EDT 2017  Total:  3 of 40



-------------------------------------------------
CS240: lab9. cs240   
Sun Mar 26 15:57:43 EDT 2017
-------------------------------------------------
TestStack test1                     : 0   of 20 
TestMyString test1                  : 0   of 2  
TestMyString test2                  : 0   of 2  
TestMyString test3                  : 0   of 2  
TestMyString test4                  : 3   of 3  
TestMyString test5                  : 0   of 3  
TestMyString test6                  : 0   of 3  
TestMyString test7                  : 0   of 3  
TestMyString test8                  : 0   of 3  
TestMyString test9                  : 0   of 3  
TestMyString test10                 : 0   of 3  
TestMyString test11                 : 0   of 3  
TestDLList test1                    : 0   of 10 
TestDLList test2                    : 0   of 10 
TestDLList test3                    : 0   of 10 
TestDLList test4                    : 0   of 10 
TestDLList test5                    : 0   of 10 
-------------------------------------------------
CS240: lab9. cs240 Sun Mar 26 15:57:43 EDT 2017  Total:  3 of 100



-------------------------------------------------
CS240: lab9. cs240   
Sun Mar 26 16:06:56 EDT 2017
-------------------------------------------------
TestStack test1                     : 0   of 20 
TestMyString test1                  : 0   of 2  
TestMyString test2                  : 0   of 2  
TestMyString test3                  : 0   of 2  
TestMyString test4                  : 3   of 3  
TestMyString test5                  : 0   of 3  
TestMyString test6                  : 0   of 3  
TestMyString test7                  : 0   of 3  
TestMyString test8                  : 0   of 3  
TestMyString test9                  : 0   of 3  
TestMyString test10                 : 0   of 3  
TestMyString test11                 : 0   of 3  
TestDLList test1                    : 0   of 10 
TestDLList test2                    : 0   of 10 
TestDLList test3                    : 0   of 10 
TestDLList test4                    : 0   of 10 
TestDLList test5                    : 0   of 10 
-------------------------------------------------
CS240: lab9. cs240 Sun Mar 26 16:06:56 EDT 2017  Total:  3 of 100



-------------------------------------------------
CS240: lab9. cs240   
Sun Mar 26 16:07:06 EDT 2017
-------------------------------------------------
TestStack test1                     : 0   of 20 
TestMyString test1                  : 0   of 2  
TestMyString test2                  : 0   of 2  
TestMyString test3                  : 0   of 2  
TestMyString test4                  : 3   of 3  
TestMyString test5                  : 0   of 3  
TestMyString test6                  : 0   of 3  
TestMyString test7                  : 0   of 3  
TestMyString test8                  : 0   of 3  
TestMyString test9                  : 0   of 3  
TestMyString test10                 : 0   of 3  
TestMyString test11                 : 0   of 3  
TestDLList test1                    : 0   of 10 
TestDLList test2                    : 0   of 10 
TestDLList test3                    : 0   of 10 
TestDLList test4                    : 0   of 10 
TestDLList test5                    : 0   of 10 
-------------------------------------------------
CS240: lab9. cs240 Sun Mar 26 16:07:06 EDT 2017  Total:  3 of 100



-------------------------------------------------
CS240: lab9. cs240   
Sun Mar 26 16:07:46 EDT 2017
-------------------------------------------------
TestStack test1                     : 0   of 20 
TestMyString test1                  : 0   of 2  
TestMyString test2                  : 0   of 2  
TestMyString test3                  : 0   of 2  
TestMyString test4                  : 3   of 3  
TestMyString test5                  : 0   of 3  
TestMyString test6                  : 0   of 3  
TestMyString test7                  : 0   of 3  
TestMyString test8                  : 0   of 3  
TestMyString test9                  : 0   of 3  
TestMyString test10                 : 0   of 3  
TestMyString test11                 : 0   of 3  
TestDLList test1                    : 0   of 10 
TestDLList test2                    : 0   of 10 
TestDLList test3                    : 0   of 10 
TestDLList test4                    : 0   of 10 
TestDLList test5                    : 0   of 10 
-------------------------------------------------
CS240: lab9. cs240 Sun Mar 26 16:07:46 EDT 2017  Total:  3 of 100



-------------------------------------------------
CS240: lab8. agraw185   
Mon Nov  7 20:22:38 EST 2022
-------------------------------------------------
TestStack test1                     : 0   of 20 
TestMyString test1                  : 0   of 2  
TestMyString test2                  : 0   of 2  
TestMyString test3                  : 0   of 2  
TestMyString test4                  : 0   of 3  
TestMyString test5                  : 0   of 3  
TestMyString test6                  : 0   of 3  
TestMyString test7                  : 0   of 3  
TestMyString test8                  : 0   of 3  
TestMyString test9                  : 0   of 3  
TestMyString test10                 : 0   of 3  
TestMyString test11                 : 0   of 3  
TestDLList test1                    : 0   of 10 
TestDLList test2                    : 0   of 10 
TestDLList test3                    : 0   of 10 
TestDLList test4                    : 0   of 10 
TestDLList test5                    : 0   of 10 
-------------------------------------------------
CS240: lab8. agraw185 Mon Nov 7 20:22:38 EST 2022  Total:  0 of 100



-------------------------------------------------
CS240: lab8. agraw185   
Tue Nov  8 01:19:01 EST 2022
-------------------------------------------------
TestStack test1                     : 0   of 20 
TestMyString test1                  : 0   of 2  
TestMyString test2                  : 0   of 2  
TestMyString test3                  : 0   of 2  
TestMyString test4                  : 0   of 3  
TestMyString test5                  : 0   of 3  
TestMyString test6                  : 0   of 3  
TestMyString test7                  : 0   of 3  
TestMyString test8                  : 0   of 3  
TestMyString test9                  : 0   of 3  
TestMyString test10                 : 0   of 3  
TestMyString test11                 : 0   of 3  
TestDLList test1                    : 0   of 10 
TestDLList test2                    : 0   of 10 
TestDLList test3                    : 0   of 10 
TestDLList test4                    : 0   of 10 
TestDLList test5                    : 0   of 10 
-------------------------------------------------
CS240: lab8. agraw185 Tue Nov 8 01:19:01 EST 2022  Total:  0 of 100



-------------------------------------------------
CS240: lab8. agraw185   
Tue Nov  8 01:23:55 EST 2022
-------------------------------------------------
TestStack test1                     : 20  of 20 
TestMyString test1                  : 0   of 2  
TestMyString test2                  : 0   of 2  
TestMyString test3                  : 0   of 2  
TestMyString test4                  : 3   of 3  
TestMyString test5                  : 0   of 3  
TestMyString test6                  : 0   of 3  
TestMyString test7                  : 0   of 3  
TestMyString test8                  : 0   of 3  
TestMyString test9                  : 0   of 3  
TestMyString test10                 : 0   of 3  
TestMyString test11                 : 0   of 3  
TestDLList test1                    : 0   of 10 
TestDLList test2                    : 0   of 10 
TestDLList test3                    : 0   of 10 
TestDLList test4                    : 0   of 10 
TestDLList test5                    : 0   of 10 
-------------------------------------------------
CS240: lab8. agraw185 Tue Nov 8 01:23:55 EST 2022  Total:  23 of 100



-------------------------------------------------
CS240: lab8. agraw185   
Tue Nov  8 01:52:49 EST 2022
-------------------------------------------------
TestStack test1                     : 20  of 20 
TestMyString test1                  : 0   of 2  
TestMyString test2                  : 0   of 2  
TestMyString test3                  : 0   of 2  
TestMyString test4                  : 3   of 3  
TestMyString test5                  : 0   of 3  
TestMyString test6                  : 0   of 3  
TestMyString test7                  : 0   of 3  
TestMyString test8                  : 0   of 3  
TestMyString test9                  : 0   of 3  
TestMyString test10                 : 0   of 3  
TestMyString test11                 : 0   of 3  
TestDLList test1                    : 0   of 10 
TestDLList test2                    : 0   of 10 
TestDLList test3                    : 0   of 10 
TestDLList test4                    : 0   of 10 
TestDLList test5                    : 0   of 10 
-------------------------------------------------
CS240: lab8. agraw185 Tue Nov 8 01:52:49 EST 2022  Total:  23 of 100



-------------------------------------------------
CS240: lab8. agraw185   
Tue Nov  8 03:46:29 EST 2022
-------------------------------------------------
TestStack test1                     : 20  of 20 
TestMyString test1                  : 0   of 2  
TestMyString test2                  : 0   of 2  
TestMyString test3                  : 0   of 2  
TestMyString test4                  : 0   of 3  
TestMyString test5                  : 0   of 3  
TestMyString test6                  : 0   of 3  
TestMyString test7                  : 0   of 3  
TestMyString test8                  : 0   of 3  
TestMyString test9                  : 0   of 3  
TestMyString test10                 : 0   of 3  
TestMyString test11                 : 0   of 3  
TestDLList test1                    : 0   of 10 
TestDLList test2                    : 0   of 10 
TestDLList test3                    : 0   of 10 
TestDLList test4                    : 0   of 10 
TestDLList test5                    : 0   of 10 
-------------------------------------------------
CS240: lab8. agraw185 Tue Nov 8 03:46:29 EST 2022  Total:  20 of 100



-------------------------------------------------
CS240: lab8. agraw185   
Tue Nov  8 04:01:01 EST 2022
-------------------------------------------------
TestStack test1                     : 20  of 20 
TestMyString test1                  : 0   of 2  
TestMyString test2                  : 0   of 2  
TestMyString test3                  : 0   of 2  
TestMyString test4                  : 0   of 3  
TestMyString test5                  : 0   of 3  
TestMyString test6                  : 0   of 3  
TestMyString test7                  : 0   of 3  
TestMyString test8                  : 0   of 3  
TestMyString test9                  : 0   of 3  
TestMyString test10                 : 0   of 3  
TestMyString test11                 : 0   of 3  
TestDLList test1                    : 0   of 10 
TestDLList test2                    : 0   of 10 
TestDLList test3                    : 0   of 10 
TestDLList test4                    : 0   of 10 
TestDLList test5                    : 0   of 10 
-------------------------------------------------
CS240: lab8. agraw185 Tue Nov 8 04:01:01 EST 2022  Total:  20 of 100



-------------------------------------------------
CS240: lab8. agraw185   
Tue Nov  8 04:01:11 EST 2022
-------------------------------------------------
TestStack test1                     : 20  of 20 
TestMyString test1                  : 0   of 2  
TestMyString test2                  : 0   of 2  
TestMyString test3                  : 0   of 2  
TestMyString test4                  : 0   of 3  
TestMyString test5                  : 0   of 3  
TestMyString test6                  : 0   of 3  
TestMyString test7                  : 0   of 3  
TestMyString test8                  : 0   of 3  
TestMyString test9                  : 0   of 3  
TestMyString test10                 : 0   of 3  
TestMyString test11                 : 0   of 3  
TestDLList test1                    : 0   of 10 
TestDLList test2                    : 0   of 10 
TestDLList test3                    : 0   of 10 
TestDLList test4                    : 0   of 10 
TestDLList test5                    : 0   of 10 
-------------------------------------------------
CS240: lab8. agraw185 Tue Nov 8 04:01:11 EST 2022  Total:  20 of 100



-------------------------------------------------
CS240: lab8. agraw185   
Tue Nov  8 04:02:14 EST 2022
-------------------------------------------------
TestStack test1                     : 20  of 20 
TestMyString test1                  : 0   of 2  
TestMyString test2                  : 0   of 2  
TestMyString test3                  : 0   of 2  
TestMyString test4                  : 0   of 3  
TestMyString test5                  : 0   of 3  
TestMyString test6                  : 0   of 3  
TestMyString test7                  : 0   of 3  
TestMyString test8                  : 0   of 3  
TestMyString test9                  : 0   of 3  
TestMyString test10                 : 0   of 3  
TestMyString test11                 : 0   of 3  
TestDLList test1                    : 0   of 10 
TestDLList test2                    : 0   of 10 
TestDLList test3                    : 0   of 10 
TestDLList test4                    : 0   of 10 
TestDLList test5                    : 0   of 10 
-------------------------------------------------
CS240: lab8. agraw185 Tue Nov 8 04:02:14 EST 2022  Total:  20 of 100



-------------------------------------------------
CS240: lab8. agraw185   
Tue Nov  8 04:02:43 EST 2022
-------------------------------------------------
TestStack test1                     : 20  of 20 
TestMyString test1                  : 0   of 2  
TestMyString test2                  : 0   of 2  
TestMyString test3                  : 0   of 2  
TestMyString test4                  : 3   of 3  
TestMyString test5                  : 0   of 3  
TestMyString test6                  : 0   of 3  
TestMyString test7                  : 0   of 3  
TestMyString test8                  : 0   of 3  
TestMyString test9                  : 0   of 3  
TestMyString test10                 : 0   of 3  
TestMyString test11                 : 0   of 3  
TestDLList test1                    : 0   of 10 
TestDLList test2                    : 0   of 10 
TestDLList test3                    : 0   of 10 
TestDLList test4                    : 0   of 10 
TestDLList test5                    : 0   of 10 
-------------------------------------------------
CS240: lab8. agraw185 Tue Nov 8 04:02:43 EST 2022  Total:  23 of 100



-------------------------------------------------
CS240: lab8. agraw185   
Tue Nov  8 04:05:13 EST 2022
-------------------------------------------------
TestStack test1                     : 20  of 20 
TestMyString test1                  : 0   of 2  
TestMyString test2                  : 0   of 2  
TestMyString test3                  : 0   of 2  
TestMyString test4                  : 3   of 3  
TestMyString test5                  : 0   of 3  
TestMyString test6                  : 0   of 3  
TestMyString test7                  : 0   of 3  
TestMyString test8                  : 0   of 3  
TestMyString test9                  : 0   of 3  
TestMyString test10                 : 0   of 3  
TestMyString test11                 : 0   of 3  
TestDLList test1                    : 0   of 10 
TestDLList test2                    : 0   of 10 
TestDLList test3                    : 0   of 10 
TestDLList test4                    : 0   of 10 
TestDLList test5                    : 0   of 10 
-------------------------------------------------
CS240: lab8. agraw185 Tue Nov 8 04:05:13 EST 2022  Total:  23 of 100



-------------------------------------------------
CS240: lab8. agraw185   
Tue Nov  8 04:27:07 EST 2022
-------------------------------------------------
TestStack test1                     : 20  of 20 
TestMyString test1                  : 0   of 2  
TestMyString test2                  : 0   of 2  
TestMyString test3                  : 0   of 2  
TestMyString test4                  : 3   of 3  
TestMyString test5                  : 0   of 3  
TestMyString test6                  : 0   of 3  
TestMyString test7                  : 0   of 3  
TestMyString test8                  : 0   of 3  
TestMyString test9                  : 0   of 3  
TestMyString test10                 : 0   of 3  
TestMyString test11                 : 0   of 3  
TestDLList test1                    : 0   of 10 
TestDLList test2                    : 0   of 10 
TestDLList test3                    : 0   of 10 
TestDLList test4                    : 0   of 10 
TestDLList test5                    : 0   of 10 
-------------------------------------------------
CS240: lab8. agraw185 Tue Nov 8 04:27:07 EST 2022  Total:  23 of 100



-------------------------------------------------
CS240: lab8. agraw185   
Tue Nov  8 04:27:30 EST 2022
-------------------------------------------------
TestStack test1                     : 20  of 20 
TestMyString test1                  : 0   of 2  
TestMyString test2                  : 0   of 2  
TestMyString test3                  : 0   of 2  
TestMyString test4                  : 3   of 3  
TestMyString test5                  : 0   of 3  
TestMyString test6                  : 0   of 3  
TestMyString test7                  : 0   of 3  
TestMyString test8                  : 0   of 3  
TestMyString test9                  : 0   of 3  
TestMyString test10                 : 0   of 3  
TestMyString test11                 : 0   of 3  
TestDLList test1                    : 0   of 10 
TestDLList test2                    : 0   of 10 
TestDLList test3                    : 0   of 10 
TestDLList test4                    : 0   of 10 
TestDLList test5                    : 0   of 10 
-------------------------------------------------
CS240: lab8. agraw185 Tue Nov 8 04:27:30 EST 2022  Total:  23 of 100



-------------------------------------------------
CS240: lab8. agraw185   
Tue Nov  8 04:28:42 EST 2022
-------------------------------------------------
TestStack test1                     : 20  of 20 
TestMyString test1                  : 2   of 2  
TestMyString test2                  : 2   of 2  
TestMyString test3                  : 2   of 2  
TestMyString test4                  : 3   of 3  
TestMyString test5                  : 0   of 3  
TestMyString test6                  : 0   of 3  
TestMyString test7                  : 0   of 3  
TestMyString test8                  : 0   of 3  
TestMyString test9                  : 0   of 3  
TestMyString test10                 : 0   of 3  
TestMyString test11                 : 0   of 3  
TestDLList test1                    : 0   of 10 
TestDLList test2                    : 0   of 10 
TestDLList test3                    : 0   of 10 
TestDLList test4                    : 0   of 10 
TestDLList test5                    : 0   of 10 
-------------------------------------------------
CS240: lab8. agraw185 Tue Nov 8 04:28:42 EST 2022  Total:  29 of 100



-------------------------------------------------
CS240: lab8. agraw185   
Tue Nov  8 04:32:08 EST 2022
-------------------------------------------------
TestStack test1                     : 20  of 20 
TestMyString test1                  : 2   of 2  
TestMyString test2                  : 2   of 2  
TestMyString test3                  : 2   of 2  
TestMyString test4                  : 3   of 3  
TestMyString test5                  : 0   of 3  
TestMyString test6                  : 0   of 3  
TestMyString test7                  : 0   of 3  
TestMyString test8                  : 0   of 3  
TestMyString test9                  : 0   of 3  
TestMyString test10                 : 0   of 3  
TestMyString test11                 : 0   of 3  
TestDLList test1                    : 0   of 10 
TestDLList test2                    : 0   of 10 
TestDLList test3                    : 0   of 10 
TestDLList test4                    : 0   of 10 
TestDLList test5                    : 0   of 10 
-------------------------------------------------
CS240: lab8. agraw185 Tue Nov 8 04:32:08 EST 2022  Total:  29 of 100



-------------------------------------------------
CS240: lab8. agraw185   
Tue Nov  8 04:35:28 EST 2022
-------------------------------------------------
TestStack test1                     : 20  of 20 
TestMyString test1                  : 2   of 2  
TestMyString test2                  : 2   of 2  
TestMyString test3                  : 2   of 2  
TestMyString test4                  : 3   of 3  
TestMyString test5                  : 0   of 3  
TestMyString test6                  : 0   of 3  
TestMyString test7                  : 0   of 3  
TestMyString test8                  : 0   of 3  
TestMyString test9                  : 0   of 3  
TestMyString test10                 : 0   of 3  
TestMyString test11                 : 0   of 3  
TestDLList test1                    : 0   of 10 
TestDLList test2                    : 0   of 10 
TestDLList test3                    : 0   of 10 
TestDLList test4                    : 0   of 10 
TestDLList test5                    : 0   of 10 
-------------------------------------------------
CS240: lab8. agraw185 Tue Nov 8 04:35:28 EST 2022  Total:  29 of 100



-------------------------------------------------
CS240: lab8. agraw185   
Tue Nov  8 04:37:53 EST 2022
-------------------------------------------------
TestStack test1                     : 20  of 20 
TestMyString test1                  : 2   of 2  
TestMyString test2                  : 2   of 2  
TestMyString test3                  : 2   of 2  
TestMyString test4                  : 3   of 3  
TestMyString test5                  : 0   of 3  
TestMyString test6                  : 0   of 3  
TestMyString test7                  : 0   of 3  
TestMyString test8                  : 0   of 3  
TestMyString test9                  : 0   of 3  
TestMyString test10                 : 0   of 3  
TestMyString test11                 : 0   of 3  
TestDLList test1                    : 0   of 10 
TestDLList test2                    : 0   of 10 
TestDLList test3                    : 0   of 10 
TestDLList test4                    : 0   of 10 
TestDLList test5                    : 0   of 10 
-------------------------------------------------
CS240: lab8. agraw185 Tue Nov 8 04:37:53 EST 2022  Total:  29 of 100



-------------------------------------------------
CS240: lab8. agraw185   
Tue Nov  8 04:41:05 EST 2022
-------------------------------------------------
TestStack test1                     : 20  of 20 
TestMyString test1                  : 2   of 2  
TestMyString test2                  : 2   of 2  
TestMyString test3                  : 2   of 2  
TestMyString test4                  : 3   of 3  
TestMyString test5                  : 0   of 3  
TestMyString test6                  : 0   of 3  
TestMyString test7                  : 0   of 3  
TestMyString test8                  : 0   of 3  
TestMyString test9                  : 0   of 3  
TestMyString test10                 : 0   of 3  
TestMyString test11                 : 0   of 3  
TestDLList test1                    : 0   of 10 
TestDLList test2                    : 0   of 10 
TestDLList test3                    : 0   of 10 
TestDLList test4                    : 0   of 10 
TestDLList test5                    : 0   of 10 
-------------------------------------------------
CS240: lab8. agraw185 Tue Nov 8 04:41:05 EST 2022  Total:  29 of 100



-------------------------------------------------
CS240: lab8. agraw185   
Tue Nov  8 04:50:38 EST 2022
-------------------------------------------------
TestStack test1                     : 20  of 20 
TestMyString test1                  : 2   of 2  
TestMyString test2                  : 2   of 2  
TestMyString test3                  : 2   of 2  
TestMyString test4                  : 3   of 3  
TestMyString test5                  : 0   of 3  
TestMyString test6                  : 0   of 3  
TestMyString test7                  : 0   of 3  
TestMyString test8                  : 0   of 3  
TestMyString test9                  : 0   of 3  
TestMyString test10                 : 0   of 3  
TestMyString test11                 : 0   of 3  
TestDLList test1                    : 0   of 10 
TestDLList test2                    : 0   of 10 
TestDLList test3                    : 0   of 10 
TestDLList test4                    : 0   of 10 
TestDLList test5                    : 0   of 10 
-------------------------------------------------
CS240: lab8. agraw185 Tue Nov 8 04:50:38 EST 2022  Total:  29 of 100



-------------------------------------------------
CS240: lab8. agraw185   
Tue Nov  8 05:08:02 EST 2022
-------------------------------------------------
TestStack test1                     : 20  of 20 
TestMyString test1                  : 2   of 2  
TestMyString test2                  : 2   of 2  
TestMyString test3                  : 2   of 2  
TestMyString test4                  : 3   of 3  
TestMyString test5                  : 0   of 3  
TestMyString test6                  : 0   of 3  
TestMyString test7                  : 0   of 3  
TestMyString test8                  : 0   of 3  
TestMyString test9                  : 0   of 3  
TestMyString test10                 : 0   of 3  
TestMyString test11                 : 0   of 3  
TestDLList test1                    : 0   of 10 
TestDLList test2                    : 0   of 10 
TestDLList test3                    : 0   of 10 
TestDLList test4                    : 0   of 10 
TestDLList test5                    : 0   of 10 
-------------------------------------------------
CS240: lab8. agraw185 Tue Nov 8 05:08:02 EST 2022  Total:  29 of 100



-------------------------------------------------
CS240: lab8. agraw185   
Tue Nov  8 05:13:57 EST 2022
-------------------------------------------------
TestStack test1                     : 20  of 20 
TestMyString test1                  : 2   of 2  
TestMyString test2                  : 2   of 2  
TestMyString test3                  : 2   of 2  
TestMyString test4                  : 3   of 3  
TestMyString test5                  : 3   of 3  
TestMyString test6                  : 0   of 3  
TestMyString test7                  : 0   of 3  
TestMyString test8                  : 0   of 3  
TestMyString test9                  : 0   of 3  
TestMyString test10                 : 0   of 3  
TestMyString test11                 : 0   of 3  
TestDLList test1                    : 0   of 10 
TestDLList test2                    : 0   of 10 
TestDLList test3                    : 0   of 10 
TestDLList test4                    : 0   of 10 
TestDLList test5                    : 0   of 10 
-------------------------------------------------
CS240: lab8. agraw185 Tue Nov 8 05:13:57 EST 2022  Total:  32 of 100



-------------------------------------------------
CS240: lab8. agraw185   
Tue Nov  8 05:19:29 EST 2022
-------------------------------------------------
TestStack test1                     : 20  of 20 
TestMyString test1                  : 2   of 2  
TestMyString test2                  : 2   of 2  
TestMyString test3                  : 2   of 2  
TestMyString test4                  : 3   of 3  
TestMyString test5                  : 3   of 3  
TestMyString test6                  : 3   of 3  
TestMyString test7                  : 0   of 3  
TestMyString test8                  : 0   of 3  
TestMyString test9                  : 0   of 3  
TestMyString test10                 : 0   of 3  
TestMyString test11                 : 0   of 3  
TestDLList test1                    : 0   of 10 
TestDLList test2                    : 0   of 10 
TestDLList test3                    : 0   of 10 
TestDLList test4                    : 0   of 10 
TestDLList test5                    : 0   of 10 
-------------------------------------------------
CS240: lab8. agraw185 Tue Nov 8 05:19:29 EST 2022  Total:  35 of 100



-------------------------------------------------
CS240: lab8. agraw185   
Tue Nov  8 13:16:15 EST 2022
-------------------------------------------------
TestStack test1                     : 20  of 20 
TestMyString test1                  : 0   of 2  
TestMyString test2                  : 0   of 2  
TestMyString test3                  : 0   of 2  
TestMyString test4                  : 0   of 3  
TestMyString test5                  : 0   of 3  
TestMyString test6                  : 0   of 3  
TestMyString test7                  : 0   of 3  
TestMyString test8                  : 0   of 3  
TestMyString test9                  : 0   of 3  
TestMyString test10                 : 0   of 3  
TestMyString test11                 : 0   of 3  
TestDLList test1                    : 0   of 10 
TestDLList test2                    : 0   of 10 
TestDLList test3                    : 0   of 10 
TestDLList test4                    : 0   of 10 
TestDLList test5                    : 0   of 10 
-------------------------------------------------
CS240: lab8. agraw185 Tue Nov 8 13:16:15 EST 2022  Total:  20 of 100



-------------------------------------------------
CS240: lab8. agraw185   
Tue Nov  8 13:21:12 EST 2022
-------------------------------------------------
TestStack test1                     : 20  of 20 
TestMyString test1                  : 0   of 2  
TestMyString test2                  : 0   of 2  
TestMyString test3                  : 0   of 2  
TestMyString test4                  : 0   of 3  
TestMyString test5                  : 0   of 3  
TestMyString test6                  : 0   of 3  
TestMyString test7                  : 0   of 3  
TestMyString test8                  : 0   of 3  
TestMyString test9                  : 0   of 3  
TestMyString test10                 : 0   of 3  
TestMyString test11                 : 0   of 3  
TestDLList test1                    : 0   of 10 
TestDLList test2                    : 0   of 10 
TestDLList test3                    : 0   of 10 
TestDLList test4                    : 0   of 10 
TestDLList test5                    : 0   of 10 
-------------------------------------------------
CS240: lab8. agraw185 Tue Nov 8 13:21:12 EST 2022  Total:  20 of 100



-------------------------------------------------
CS240: lab8. agraw185   
Tue Nov  8 13:25:44 EST 2022
-------------------------------------------------
TestStack test1                     : 20  of 20 
TestMyString test1                  : 2   of 2  
TestMyString test2                  : 2   of 2  
TestMyString test3                  : 2   of 2  
TestMyString test4                  : 3   of 3  
TestMyString test5                  : 3   of 3  
TestMyString test6                  : 3   of 3  
TestMyString test7                  : 0   of 3  
TestMyString test8                  : 0   of 3  
TestMyString test9                  : 0   of 3  
TestMyString test10                 : 0   of 3  
TestMyString test11                 : 0   of 3  
TestDLList test1                    : 0   of 10 
TestDLList test2                    : 0   of 10 
TestDLList test3                    : 0   of 10 
TestDLList test4                    : 0   of 10 
TestDLList test5                    : 0   of 10 
-------------------------------------------------
CS240: lab8. agraw185 Tue Nov 8 13:25:44 EST 2022  Total:  35 of 100



-------------------------------------------------
CS240: lab8. agraw185   
Tue Nov  8 14:52:00 EST 2022
-------------------------------------------------
TestStack test1                     : 20  of 20 
TestMyString test1                  : 2   of 2  
TestMyString test2                  : 2   of 2  
TestMyString test3                  : 2   of 2  
TestMyString test4                  : 3   of 3  
TestMyString test5                  : 3   of 3  
TestMyString test6                  : 3   of 3  
TestMyString test7                  : 3   of 3  
TestMyString test8                  : 0   of 3  
TestMyString test9                  : 0   of 3  
TestMyString test10                 : 0   of 3  
TestMyString test11                 : 0   of 3  
TestDLList test1                    : 0   of 10 
TestDLList test2                    : 0   of 10 
TestDLList test3                    : 0   of 10 
TestDLList test4                    : 0   of 10 
TestDLList test5                    : 0   of 10 
-------------------------------------------------
CS240: lab8. agraw185 Tue Nov 8 14:52:00 EST 2022  Total:  38 of 100



-------------------------------------------------
CS240: lab8. agraw185   
Tue Nov  8 15:00:00 EST 2022
-------------------------------------------------
TestStack test1                     : 20  of 20 
TestMyString test1                  : 2   of 2  
TestMyString test2                  : 2   of 2  
TestMyString test3                  : 2   of 2  
TestMyString test4                  : 3   of 3  
TestMyString test5                  : 3   of 3  
TestMyString test6                  : 3   of 3  
TestMyString test7                  : 3   of 3  
TestMyString test8                  : 0   of 3  
TestMyString test9                  : 0   of 3  
TestMyString test10                 : 0   of 3  
TestMyString test11                 : 0   of 3  
TestDLList test1                    : 0   of 10 
TestDLList test2                    : 0   of 10 
TestDLList test3                    : 0   of 10 
TestDLList test4                    : 0   of 10 
TestDLList test5                    : 0   of 10 
-------------------------------------------------
CS240: lab8. agraw185 Tue Nov 8 15:00:01 EST 2022  Total:  38 of 100



-------------------------------------------------
CS240: lab8. agraw185   
Tue Nov  8 15:02:45 EST 2022
-------------------------------------------------
TestStack test1                     : 20  of 20 
TestMyString test1                  : 2   of 2  
TestMyString test2                  : 2   of 2  
TestMyString test3                  : 2   of 2  
TestMyString test4                  : 3   of 3  
TestMyString test5                  : 3   of 3  
TestMyString test6                  : 3   of 3  
TestMyString test7                  : 3   of 3  
TestMyString test8                  : 0   of 3  
TestMyString test9                  : 0   of 3  
TestMyString test10                 : 0   of 3  
TestMyString test11                 : 0   of 3  
TestDLList test1                    : 0   of 10 
TestDLList test2                    : 0   of 10 
TestDLList test3                    : 0   of 10 
TestDLList test4                    : 0   of 10 
TestDLList test5                    : 0   of 10 
-------------------------------------------------
CS240: lab8. agraw185 Tue Nov 8 15:02:45 EST 2022  Total:  38 of 100



-------------------------------------------------
CS240: lab8. agraw185   
Tue Nov  8 15:16:24 EST 2022
-------------------------------------------------
TestStack test1                     : 20  of 20 
TestMyString test1                  : 2   of 2  
TestMyString test2                  : 2   of 2  
TestMyString test3                  : 2   of 2  
TestMyString test4                  : 3   of 3  
TestMyString test5                  : 3   of 3  
TestMyString test6                  : 3   of 3  
TestMyString test7                  : 3   of 3  
TestMyString test8                  : 3   of 3  
TestMyString test9                  : 0   of 3  
TestMyString test10                 : 0   of 3  
TestMyString test11                 : 0   of 3  
TestDLList test1                    : 0   of 10 
TestDLList test2                    : 0   of 10 
TestDLList test3                    : 0   of 10 
TestDLList test4                    : 0   of 10 
TestDLList test5                    : 0   of 10 
-------------------------------------------------
CS240: lab8. agraw185 Tue Nov 8 15:16:24 EST 2022  Total:  41 of 100



-------------------------------------------------
CS240: lab8. agraw185   
Tue Nov  8 15:18:07 EST 2022
-------------------------------------------------
TestStack test1                     : 20  of 20 
TestMyString test1                  : 2   of 2  
TestMyString test2                  : 2   of 2  
TestMyString test3                  : 2   of 2  
TestMyString test4                  : 3   of 3  
TestMyString test5                  : 3   of 3  
TestMyString test6                  : 3   of 3  
TestMyString test7                  : 3   of 3  
TestMyString test8                  : 3   of 3  
TestMyString test9                  : 0   of 3  
TestMyString test10                 : 0   of 3  
TestMyString test11                 : 0   of 3  
TestDLList test1                    : 0   of 10 
TestDLList test2                    : 0   of 10 
TestDLList test3                    : 0   of 10 
TestDLList test4                    : 0   of 10 
TestDLList test5                    : 0   of 10 
-------------------------------------------------
CS240: lab8. agraw185 Tue Nov 8 15:18:07 EST 2022  Total:  41 of 100



-------------------------------------------------
CS240: lab8. agraw185   
Tue Nov  8 15:19:31 EST 2022
-------------------------------------------------
TestStack test1                     : 20  of 20 
TestMyString test1                  : 2   of 2  
TestMyString test2                  : 2   of 2  
TestMyString test3                  : 2   of 2  
TestMyString test4                  : 3   of 3  
TestMyString test5                  : 3   of 3  
TestMyString test6                  : 3   of 3  
TestMyString test7                  : 3   of 3  
TestMyString test8                  : 3   of 3  
TestMyString test9                  : 0   of 3  
TestMyString test10                 : 0   of 3  
TestMyString test11                 : 0   of 3  
TestDLList test1                    : 0   of 10 
TestDLList test2                    : 0   of 10 
TestDLList test3                    : 0   of 10 
TestDLList test4                    : 0   of 10 
TestDLList test5                    : 0   of 10 
-------------------------------------------------
CS240: lab8. agraw185 Tue Nov 8 15:19:31 EST 2022  Total:  41 of 100



-------------------------------------------------
CS240: lab8. agraw185   
Tue Nov  8 15:37:38 EST 2022
-------------------------------------------------
TestStack test1                     : 20  of 20 
TestMyString test1                  : 2   of 2  
TestMyString test2                  : 2   of 2  
TestMyString test3                  : 2   of 2  
TestMyString test4                  : 3   of 3  
TestMyString test5                  : 3   of 3  
TestMyString test6                  : 3   of 3  
TestMyString test7                  : 3   of 3  
TestMyString test8                  : 3   of 3  
TestMyString test9                  : 0   of 3  
TestMyString test10                 : 0   of 3  
TestMyString test11                 : 0   of 3  
TestDLList test1                    : 0   of 10 
TestDLList test2                    : 0   of 10 
TestDLList test3                    : 0   of 10 
TestDLList test4                    : 0   of 10 
TestDLList test5                    : 0   of 10 
-------------------------------------------------
CS240: lab8. agraw185 Tue Nov 8 15:37:38 EST 2022  Total:  41 of 100



-------------------------------------------------
CS240: lab8. agraw185   
Tue Nov  8 15:39:10 EST 2022
-------------------------------------------------
TestStack test1                     : 20  of 20 
TestMyString test1                  : 2   of 2  
TestMyString test2                  : 2   of 2  
TestMyString test3                  : 2   of 2  
TestMyString test4                  : 3   of 3  
TestMyString test5                  : 3   of 3  
TestMyString test6                  : 3   of 3  
TestMyString test7                  : 3   of 3  
TestMyString test8                  : 3   of 3  
TestMyString test9                  : 0   of 3  
TestMyString test10                 : 0   of 3  
TestMyString test11                 : 0   of 3  
TestDLList test1                    : 0   of 10 
TestDLList test2                    : 0   of 10 
TestDLList test3                    : 0   of 10 
TestDLList test4                    : 0   of 10 
TestDLList test5                    : 0   of 10 
-------------------------------------------------
CS240: lab8. agraw185 Tue Nov 8 15:39:10 EST 2022  Total:  41 of 100



-------------------------------------------------
CS240: lab8. agraw185   
Tue Nov  8 15:52:28 EST 2022
-------------------------------------------------
TestStack test1                     : 20  of 20 
TestMyString test1                  : 0   of 2  
TestMyString test2                  : 0   of 2  
TestMyString test3                  : 0   of 2  
TestMyString test4                  : 0   of 3  
TestMyString test5                  : 0   of 3  
TestMyString test6                  : 0   of 3  
TestMyString test7                  : 0   of 3  
TestMyString test8                  : 0   of 3  
TestMyString test9                  : 0   of 3  
TestMyString test10                 : 0   of 3  
TestMyString test11                 : 0   of 3  
TestDLList test1                    : 0   of 10 
TestDLList test2                    : 0   of 10 
TestDLList test3                    : 0   of 10 
TestDLList test4                    : 0   of 10 
TestDLList test5                    : 0   of 10 
-------------------------------------------------
CS240: lab8. agraw185 Tue Nov 8 15:52:28 EST 2022  Total:  20 of 100



-------------------------------------------------
CS240: lab8. agraw185   
Tue Nov  8 15:56:26 EST 2022
-------------------------------------------------
TestStack test1                     : 20  of 20 
TestMyString test1                  : 2   of 2  
TestMyString test2                  : 2   of 2  
TestMyString test3                  : 2   of 2  
TestMyString test4                  : 3   of 3  
TestMyString test5                  : 3   of 3  
TestMyString test6                  : 3   of 3  
TestMyString test7                  : 3   of 3  
TestMyString test8                  : 3   of 3  
TestMyString test9                  : 0   of 3  
TestMyString test10                 : 0   of 3  
TestMyString test11                 : 0   of 3  
TestDLList test1                    : 0   of 10 
TestDLList test2                    : 0   of 10 
TestDLList test3                    : 0   of 10 
TestDLList test4                    : 0   of 10 
TestDLList test5                    : 0   of 10 
-------------------------------------------------
CS240: lab8. agraw185 Tue Nov 8 15:56:26 EST 2022  Total:  41 of 100



-------------------------------------------------
CS240: lab8. agraw185   
Tue Nov  8 16:01:33 EST 2022
-------------------------------------------------
TestStack test1                     : 20  of 20 
TestMyString test1                  : 2   of 2  
TestMyString test2                  : 2   of 2  
TestMyString test3                  : 2   of 2  
TestMyString test4                  : 3   of 3  
TestMyString test5                  : 3   of 3  
TestMyString test6                  : 3   of 3  
TestMyString test7                  : 3   of 3  
TestMyString test8                  : 3   of 3  
TestMyString test9                  : 0   of 3  
TestMyString test10                 : 0   of 3  
TestMyString test11                 : 0   of 3  
TestDLList test1                    : 0   of 10 
TestDLList test2                    : 0   of 10 
TestDLList test3                    : 0   of 10 
TestDLList test4                    : 0   of 10 
TestDLList test5                    : 0   of 10 
-------------------------------------------------
CS240: lab8. agraw185 Tue Nov 8 16:01:33 EST 2022  Total:  41 of 100



-------------------------------------------------
CS240: lab8. agraw185   
Tue Nov  8 16:01:42 EST 2022
-------------------------------------------------
TestStack test1                     : 20  of 20 
TestMyString test1                  : 2   of 2  
TestMyString test2                  : 2   of 2  
TestMyString test3                  : 2   of 2  
TestMyString test4                  : 3   of 3  
TestMyString test5                  : 3   of 3  
TestMyString test6                  : 3   of 3  
TestMyString test7                  : 3   of 3  
TestMyString test8                  : 3   of 3  
TestMyString test9                  : 0   of 3  
TestMyString test10                 : 0   of 3  
TestMyString test11                 : 0   of 3  
TestDLList test1                    : 0   of 10 
TestDLList test2                    : 0   of 10 
TestDLList test3                    : 0   of 10 
TestDLList test4                    : 0   of 10 
TestDLList test5                    : 0   of 10 
-------------------------------------------------
CS240: lab8. agraw185 Tue Nov 8 16:01:42 EST 2022  Total:  41 of 100



-------------------------------------------------
CS240: lab8. agraw185   
Tue Nov  8 16:06:17 EST 2022
-------------------------------------------------
TestStack test1                     : 20  of 20 
TestMyString test1                  : 2   of 2  
TestMyString test2                  : 2   of 2  
TestMyString test3                  : 2   of 2  
TestMyString test4                  : 3   of 3  
TestMyString test5                  : 3   of 3  
TestMyString test6                  : 3   of 3  
TestMyString test7                  : 3   of 3  
TestMyString test8                  : 3   of 3  
TestMyString test9                  : 0   of 3  
TestMyString test10                 : 0   of 3  
TestMyString test11                 : 0   of 3  
TestDLList test1                    : 0   of 10 
TestDLList test2                    : 0   of 10 
TestDLList test3                    : 0   of 10 
TestDLList test4                    : 0   of 10 
TestDLList test5                    : 0   of 10 
-------------------------------------------------
CS240: lab8. agraw185 Tue Nov 8 16:06:17 EST 2022  Total:  41 of 100



-------------------------------------------------
CS240: lab8. agraw185   
Tue Nov  8 16:15:50 EST 2022
-------------------------------------------------
TestStack test1                     : 20  of 20 
TestMyString test1                  : 0   of 2  
TestMyString test2                  : 0   of 2  
TestMyString test3                  : 0   of 2  
TestMyString test4                  : 0   of 3  
TestMyString test5                  : 0   of 3  
TestMyString test6                  : 0   of 3  
TestMyString test7                  : 0   of 3  
TestMyString test8                  : 0   of 3  
TestMyString test9                  : 0   of 3  
TestMyString test10                 : 0   of 3  
TestMyString test11                 : 0   of 3  
TestDLList test1                    : 0   of 10 
TestDLList test2                    : 0   of 10 
TestDLList test3                    : 0   of 10 
TestDLList test4                    : 0   of 10 
TestDLList test5                    : 0   of 10 
-------------------------------------------------
CS240: lab8. agraw185 Tue Nov 8 16:15:50 EST 2022  Total:  20 of 100



-------------------------------------------------
CS240: lab8. agraw185   
Tue Nov  8 16:16:53 EST 2022
-------------------------------------------------
TestStack test1                     : 20  of 20 
TestMyString test1                  : 2   of 2  
TestMyString test2                  : 2   of 2  
TestMyString test3                  : 2   of 2  
TestMyString test4                  : 3   of 3  
TestMyString test5                  : 3   of 3  
TestMyString test6                  : 3   of 3  
TestMyString test7                  : 3   of 3  
TestMyString test8                  : 3   of 3  
TestMyString test9                  : 0   of 3  
TestMyString test10                 : 0   of 3  
TestMyString test11                 : 3   of 3  
TestDLList test1                    : 0   of 10 
TestDLList test2                    : 0   of 10 
TestDLList test3                    : 0   of 10 
TestDLList test4                    : 0   of 10 
TestDLList test5                    : 0   of 10 
-------------------------------------------------
CS240: lab8. agraw185 Tue Nov 8 16:16:53 EST 2022  Total:  44 of 100



-------------------------------------------------
CS240: lab8. agraw185   
Tue Nov  8 16:32:36 EST 2022
-------------------------------------------------
TestStack test1                     : 20  of 20 
TestMyString test1                  : 2   of 2  
TestMyString test2                  : 2   of 2  
TestMyString test3                  : 2   of 2  
TestMyString test4                  : 3   of 3  
TestMyString test5                  : 3   of 3  
TestMyString test6                  : 3   of 3  
TestMyString test7                  : 3   of 3  
TestMyString test8                  : 3   of 3  
TestMyString test9                  : 0   of 3  
TestMyString test10                 : 0   of 3  
TestMyString test11                 : 3   of 3  
TestDLList test1                    : 0   of 10 
TestDLList test2                    : 0   of 10 
TestDLList test3                    : 0   of 10 
TestDLList test4                    : 0   of 10 
TestDLList test5                    : 0   of 10 
-------------------------------------------------
CS240: lab8. agraw185 Tue Nov 8 16:32:36 EST 2022  Total:  44 of 100



-------------------------------------------------
CS240: lab8. agraw185   
Tue Nov  8 16:33:50 EST 2022
-------------------------------------------------
TestStack test1                     : 20  of 20 
TestMyString test1                  : 2   of 2  
TestMyString test2                  : 2   of 2  
TestMyString test3                  : 2   of 2  
TestMyString test4                  : 3   of 3  
TestMyString test5                  : 3   of 3  
TestMyString test6                  : 3   of 3  
TestMyString test7                  : 3   of 3  
TestMyString test8                  : 3   of 3  
TestMyString test9                  : 0   of 3  
TestMyString test10                 : 0   of 3  
TestMyString test11                 : 3   of 3  
TestDLList test1                    : 0   of 10 
TestDLList test2                    : 0   of 10 
TestDLList test3                    : 0   of 10 
TestDLList test4                    : 0   of 10 
TestDLList test5                    : 0   of 10 
-------------------------------------------------
CS240: lab8. agraw185 Tue Nov 8 16:33:50 EST 2022  Total:  44 of 100



-------------------------------------------------
CS240: lab8. agraw185   
Tue Nov  8 16:38:22 EST 2022
-------------------------------------------------
TestStack test1                     : 20  of 20 
TestMyString test1                  : 2   of 2  
TestMyString test2                  : 2   of 2  
TestMyString test3                  : 2   of 2  
TestMyString test4                  : 3   of 3  
TestMyString test5                  : 3   of 3  
TestMyString test6                  : 3   of 3  
TestMyString test7                  : 3   of 3  
TestMyString test8                  : 3   of 3  
TestMyString test9                  : 0   of 3  
TestMyString test10                 : 0   of 3  
TestMyString test11                 : 3   of 3  
TestDLList test1                    : 10  of 10 
TestDLList test2                    : 0   of 10 
TestDLList test3                    : 0   of 10 
TestDLList test4                    : 0   of 10 
TestDLList test5                    : 0   of 10 
-------------------------------------------------
CS240: lab8. agraw185 Tue Nov 8 16:38:22 EST 2022  Total:  54 of 100



-------------------------------------------------
CS240: lab8. agraw185   
Tue Nov  8 16:48:22 EST 2022
-------------------------------------------------
TestStack test1                     : 20  of 20 
TestMyString test1                  : 2   of 2  
TestMyString test2                  : 2   of 2  
TestMyString test3                  : 2   of 2  
TestMyString test4                  : 3   of 3  
TestMyString test5                  : 3   of 3  
TestMyString test6                  : 3   of 3  
TestMyString test7                  : 3   of 3  
TestMyString test8                  : 3   of 3  
TestMyString test9                  : 0   of 3  
TestMyString test10                 : 0   of 3  
TestMyString test11                 : 3   of 3  
TestDLList test1                    : 10  of 10 
TestDLList test2                    : 0   of 10 
TestDLList test3                    : 10  of 10 
TestDLList test4                    : 0   of 10 
TestDLList test5                    : 0   of 10 
-------------------------------------------------
CS240: lab8. agraw185 Tue Nov 8 16:48:22 EST 2022  Total:  64 of 100



-------------------------------------------------
CS240: lab8. agraw185   
Tue Nov  8 16:59:54 EST 2022
-------------------------------------------------
TestStack test1                     : 20  of 20 
TestMyString test1                  : 2   of 2  
TestMyString test2                  : 2   of 2  
TestMyString test3                  : 2   of 2  
TestMyString test4                  : 3   of 3  
TestMyString test5                  : 3   of 3  
TestMyString test6                  : 3   of 3  
TestMyString test7                  : 3   of 3  
TestMyString test8                  : 3   of 3  
TestMyString test9                  : 0   of 3  
TestMyString test10                 : 0   of 3  
TestMyString test11                 : 3   of 3  
TestDLList test1                    : 0   of 10 
TestDLList test2                    : 0   of 10 
TestDLList test3                    : 0   of 10 
TestDLList test4                    : 0   of 10 
TestDLList test5                    : 0   of 10 
-------------------------------------------------
CS240: lab8. agraw185 Tue Nov 8 16:59:54 EST 2022  Total:  44 of 100



-------------------------------------------------
CS240: lab8. agraw185   
Tue Nov  8 17:00:50 EST 2022
-------------------------------------------------
TestStack test1                     : 20  of 20 
TestMyString test1                  : 2   of 2  
TestMyString test2                  : 2   of 2  
TestMyString test3                  : 2   of 2  
TestMyString test4                  : 3   of 3  
TestMyString test5                  : 3   of 3  
TestMyString test6                  : 3   of 3  
TestMyString test7                  : 3   of 3  
TestMyString test8                  : 3   of 3  
TestMyString test9                  : 0   of 3  
TestMyString test10                 : 0   of 3  
TestMyString test11                 : 3   of 3  
TestDLList test1                    : 0   of 10 
TestDLList test2                    : 0   of 10 
TestDLList test3                    : 0   of 10 
TestDLList test4                    : 0   of 10 
TestDLList test5                    : 0   of 10 
-------------------------------------------------
CS240: lab8. agraw185 Tue Nov 8 17:00:50 EST 2022  Total:  44 of 100



-------------------------------------------------
CS240: lab8. agraw185   
Tue Nov  8 17:01:29 EST 2022
-------------------------------------------------
TestStack test1                     : 20  of 20 
TestMyString test1                  : 2   of 2  
TestMyString test2                  : 2   of 2  
TestMyString test3                  : 2   of 2  
TestMyString test4                  : 3   of 3  
TestMyString test5                  : 3   of 3  
TestMyString test6                  : 3   of 3  
TestMyString test7                  : 3   of 3  
TestMyString test8                  : 3   of 3  
TestMyString test9                  : 0   of 3  
TestMyString test10                 : 0   of 3  
TestMyString test11                 : 3   of 3  
TestDLList test1                    : 10  of 10 
TestDLList test2                    : 0   of 10 
TestDLList test3                    : 10  of 10 
TestDLList test4                    : 0   of 10 
TestDLList test5                    : 0   of 10 
-------------------------------------------------
CS240: lab8. agraw185 Tue Nov 8 17:01:29 EST 2022  Total:  64 of 100



-------------------------------------------------
CS240: lab8. agraw185   
Tue Nov  8 17:05:02 EST 2022
-------------------------------------------------
TestStack test1                     : 20  of 20 
TestMyString test1                  : 2   of 2  
TestMyString test2                  : 2   of 2  
TestMyString test3                  : 2   of 2  
TestMyString test4                  : 3   of 3  
TestMyString test5                  : 3   of 3  
TestMyString test6                  : 3   of 3  
TestMyString test7                  : 3   of 3  
TestMyString test8                  : 3   of 3  
TestMyString test9                  : 0   of 3  
TestMyString test10                 : 0   of 3  
TestMyString test11                 : 3   of 3  
TestDLList test1                    : 10  of 10 
TestDLList test2                    : 0   of 10 
TestDLList test3                    : 10  of 10 
TestDLList test4                    : 0   of 10 
TestDLList test5                    : 10  of 10 
-------------------------------------------------
CS240: lab8. agraw185 Tue Nov 8 17:05:02 EST 2022  Total:  74 of 100



-------------------------------------------------
CS240: lab8. agraw185   
Tue Nov  8 17:17:42 EST 2022
-------------------------------------------------
TestStack test1                     : 20  of 20 
TestMyString test1                  : 2   of 2  
TestMyString test2                  : 2   of 2  
TestMyString test3                  : 2   of 2  
TestMyString test4                  : 3   of 3  
TestMyString test5                  : 3   of 3  
TestMyString test6                  : 3   of 3  
TestMyString test7                  : 3   of 3  
TestMyString test8                  : 3   of 3  
TestMyString test9                  : 0   of 3  
TestMyString test10                 : 0   of 3  
TestMyString test11                 : 3   of 3  
TestDLList test1                    : 0   of 10 
TestDLList test2                    : 0   of 10 
TestDLList test3                    : 0   of 10 
TestDLList test4                    : 0   of 10 
TestDLList test5                    : 0   of 10 
-------------------------------------------------
CS240: lab8. agraw185 Tue Nov 8 17:17:42 EST 2022  Total:  44 of 100



-------------------------------------------------
CS240: lab8. agraw185   
Tue Nov  8 17:18:49 EST 2022
-------------------------------------------------
TestStack test1                     : 20  of 20 
TestMyString test1                  : 2   of 2  
TestMyString test2                  : 2   of 2  
TestMyString test3                  : 2   of 2  
TestMyString test4                  : 3   of 3  
TestMyString test5                  : 3   of 3  
TestMyString test6                  : 3   of 3  
TestMyString test7                  : 3   of 3  
TestMyString test8                  : 3   of 3  
TestMyString test9                  : 0   of 3  
TestMyString test10                 : 0   of 3  
TestMyString test11                 : 3   of 3  
TestDLList test1                    : 0   of 10 
TestDLList test2                    : 0   of 10 
TestDLList test3                    : 0   of 10 
TestDLList test4                    : 0   of 10 
TestDLList test5                    : 0   of 10 
-------------------------------------------------
CS240: lab8. agraw185 Tue Nov 8 17:18:49 EST 2022  Total:  44 of 100



-------------------------------------------------
CS240: lab8. agraw185   
Tue Nov  8 17:21:38 EST 2022
-------------------------------------------------
TestStack test1                     : 20  of 20 
TestMyString test1                  : 2   of 2  
TestMyString test2                  : 2   of 2  
TestMyString test3                  : 2   of 2  
TestMyString test4                  : 3   of 3  
TestMyString test5                  : 3   of 3  
TestMyString test6                  : 3   of 3  
TestMyString test7                  : 3   of 3  
TestMyString test8                  : 3   of 3  
TestMyString test9                  : 0   of 3  
TestMyString test10                 : 0   of 3  
TestMyString test11                 : 3   of 3  
TestDLList test1                    : 0   of 10 
TestDLList test2                    : 0   of 10 
TestDLList test3                    : 0   of 10 
TestDLList test4                    : 0   of 10 
TestDLList test5                    : 0   of 10 
-------------------------------------------------
CS240: lab8. agraw185 Tue Nov 8 17:21:38 EST 2022  Total:  44 of 100



-------------------------------------------------
CS240: lab8. agraw185   
Tue Nov  8 17:22:22 EST 2022
-------------------------------------------------
TestStack test1                     : 20  of 20 
TestMyString test1                  : 2   of 2  
TestMyString test2                  : 2   of 2  
TestMyString test3                  : 2   of 2  
TestMyString test4                  : 3   of 3  
TestMyString test5                  : 3   of 3  
TestMyString test6                  : 3   of 3  
TestMyString test7                  : 3   of 3  
TestMyString test8                  : 3   of 3  
TestMyString test9                  : 0   of 3  
TestMyString test10                 : 0   of 3  
TestMyString test11                 : 3   of 3  
TestDLList test1                    : 0   of 10 
TestDLList test2                    : 0   of 10 
TestDLList test3                    : 0   of 10 
TestDLList test4                    : 0   of 10 
TestDLList test5                    : 0   of 10 
-------------------------------------------------
CS240: lab8. agraw185 Tue Nov 8 17:22:22 EST 2022  Total:  44 of 100



-------------------------------------------------
CS240: lab8. agraw185   
Tue Nov  8 17:24:11 EST 2022
-------------------------------------------------
TestStack test1                     : 20  of 20 
TestMyString test1                  : 2   of 2  
TestMyString test2                  : 2   of 2  
TestMyString test3                  : 2   of 2  
TestMyString test4                  : 3   of 3  
TestMyString test5                  : 3   of 3  
TestMyString test6                  : 3   of 3  
TestMyString test7                  : 3   of 3  
TestMyString test8                  : 3   of 3  
TestMyString test9                  : 0   of 3  
TestMyString test10                 : 0   of 3  
TestMyString test11                 : 3   of 3  
TestDLList test1                    : 10  of 10 
TestDLList test2                    : 0   of 10 
TestDLList test3                    : 10  of 10 
TestDLList test4                    : 0   of 10 
TestDLList test5                    : 10  of 10 
-------------------------------------------------
CS240: lab8. agraw185 Tue Nov 8 17:24:11 EST 2022  Total:  74 of 100



-------------------------------------------------
CS240: lab8. agraw185   
Wed Nov 23 10:59:18 EST 2022
-------------------------------------------------
TestStack test1                     : 20  of 20 
TestMyString test1                  : 2   of 2  
TestMyString test2                  : 2   of 2  
TestMyString test3                  : 2   of 2  
TestMyString test4                  : 3   of 3  
TestMyString test5                  : 3   of 3  
TestMyString test6                  : 3   of 3  
TestMyString test7                  : 3   of 3  
TestMyString test8                  : 3   of 3  
TestMyString test9                  : 0   of 3  
TestMyString test10                 : 0   of 3  
TestMyString test11                 : 3   of 3  
TestDLList test1                    : 10  of 10 
TestDLList test2                    : 0   of 10 
TestDLList test3                    : 10  of 10 
TestDLList test4                    : 0   of 10 
TestDLList test5                    : 10  of 10 
-------------------------------------------------
CS240: lab8. agraw185 Wed Nov 23 10:59:18 EST 2022  Total:  74 of 100



-------------------------------------------------
CS240: lab8. agraw185   
Wed Nov 23 11:10:18 EST 2022
-------------------------------------------------
TestStack test1                     : 20  of 20 
TestMyString test1                  : 2   of 2  
TestMyString test2                  : 2   of 2  
TestMyString test3                  : 2   of 2  
TestMyString test4                  : 3   of 3  
TestMyString test5                  : 3   of 3  
TestMyString test6                  : 3   of 3  
TestMyString test7                  : 3   of 3  
TestMyString test8                  : 3   of 3  
TestMyString test9                  : 0   of 3  
TestMyString test10                 : 0   of 3  
TestMyString test11                 : 3   of 3  
TestDLList test1                    : 0   of 10 
TestDLList test2                    : 0   of 10 
TestDLList test3                    : 0   of 10 
TestDLList test4                    : 0   of 10 
TestDLList test5                    : 0   of 10 
-------------------------------------------------
CS240: lab8. agraw185 Wed Nov 23 11:10:18 EST 2022  Total:  44 of 100



-------------------------------------------------
CS240: lab8. agraw185   
Tue Nov 29 02:58:30 EST 2022
-------------------------------------------------
TestStack test1                     : 20  of 20 
TestMyString test1                  : 2   of 2  
TestMyString test2                  : 2   of 2  
TestMyString test3                  : 2   of 2  
TestMyString test4                  : 3   of 3  
TestMyString test5                  : 3   of 3  
TestMyString test6                  : 3   of 3  
TestMyString test7                  : 3   of 3  
TestMyString test8                  : 3   of 3  
TestMyString test9                  : 0   of 3  
TestMyString test10                 : 0   of 3  
TestMyString test11                 : 3   of 3  
TestDLList test1                    : 0   of 10 
TestDLList test2                    : 0   of 10 
TestDLList test3                    : 0   of 10 
TestDLList test4                    : 0   of 10 
TestDLList test5                    : 0   of 10 
-------------------------------------------------
CS240: lab8. agraw185 Tue Nov 29 02:58:30 EST 2022  Total:  44 of 100



-------------------------------------------------
CS240: lab8. agraw185   
Tue Nov 29 02:59:22 EST 2022
-------------------------------------------------
TestStack test1                     : 20  of 20 
TestMyString test1                  : 2   of 2  
TestMyString test2                  : 2   of 2  
TestMyString test3                  : 2   of 2  
TestMyString test4                  : 3   of 3  
TestMyString test5                  : 3   of 3  
TestMyString test6                  : 3   of 3  
TestMyString test7                  : 3   of 3  
TestMyString test8                  : 3   of 3  
TestMyString test9                  : 0   of 3  
TestMyString test10                 : 0   of 3  
TestMyString test11                 : 3   of 3  
TestDLList test1                    : 0   of 10 
TestDLList test2                    : 0   of 10 
TestDLList test3                    : 0   of 10 
TestDLList test4                    : 0   of 10 
TestDLList test5                    : 0   of 10 
-------------------------------------------------
CS240: lab8. agraw185 Tue Nov 29 02:59:22 EST 2022  Total:  44 of 100



-------------------------------------------------
CS240: lab8. agraw185   
Tue Nov 29 02:59:51 EST 2022
-------------------------------------------------
TestStack test1                     : 20  of 20 
TestMyString test1                  : 2   of 2  
TestMyString test2                  : 2   of 2  
TestMyString test3                  : 2   of 2  
TestMyString test4                  : 3   of 3  
TestMyString test5                  : 3   of 3  
TestMyString test6                  : 3   of 3  
TestMyString test7                  : 3   of 3  
TestMyString test8                  : 3   of 3  
TestMyString test9                  : 0   of 3  
TestMyString test10                 : 0   of 3  
TestMyString test11                 : 3   of 3  
TestDLList test1                    : 0   of 10 
TestDLList test2                    : 0   of 10 
TestDLList test3                    : 0   of 10 
TestDLList test4                    : 0   of 10 
TestDLList test5                    : 0   of 10 
-------------------------------------------------
CS240: lab8. agraw185 Tue Nov 29 02:59:51 EST 2022  Total:  44 of 100



-------------------------------------------------
CS240: lab8. agraw185   
Tue Nov 29 03:00:31 EST 2022
-------------------------------------------------
TestStack test1                     : 20  of 20 
TestMyString test1                  : 2   of 2  
TestMyString test2                  : 2   of 2  
TestMyString test3                  : 2   of 2  
TestMyString test4                  : 3   of 3  
TestMyString test5                  : 3   of 3  
TestMyString test6                  : 3   of 3  
TestMyString test7                  : 3   of 3  
TestMyString test8                  : 3   of 3  
TestMyString test9                  : 0   of 3  
TestMyString test10                 : 0   of 3  
TestMyString test11                 : 3   of 3  
TestDLList test1                    : 0   of 10 
TestDLList test2                    : 0   of 10 
TestDLList test3                    : 0   of 10 
TestDLList test4                    : 0   of 10 
TestDLList test5                    : 0   of 10 
-------------------------------------------------
CS240: lab8. agraw185 Tue Nov 29 03:00:31 EST 2022  Total:  44 of 100



-------------------------------------------------
CS240: lab8. agraw185   
Tue Nov 29 03:03:42 EST 2022
-------------------------------------------------
TestStack test1                     : 20  of 20 
TestMyString test1                  : 2   of 2  
TestMyString test2                  : 2   of 2  
TestMyString test3                  : 2   of 2  
TestMyString test4                  : 3   of 3  
TestMyString test5                  : 3   of 3  
TestMyString test6                  : 3   of 3  
TestMyString test7                  : 3   of 3  
TestMyString test8                  : 3   of 3  
TestMyString test9                  : 0   of 3  
TestMyString test10                 : 0   of 3  
TestMyString test11                 : 3   of 3  
TestDLList test1                    : 10  of 10 
TestDLList test2                    : 0   of 10 
TestDLList test3                    : 10  of 10 
TestDLList test4                    : 0   of 10 
TestDLList test5                    : 10  of 10 
-------------------------------------------------
CS240: lab8. agraw185 Tue Nov 29 03:03:42 EST 2022  Total:  74 of 100



-------------------------------------------------
CS240: lab8. agraw185   
Tue Nov 29 03:40:26 EST 2022
-------------------------------------------------
TestStack test1                     : 20  of 20 
TestMyString test1                  : 2   of 2  
TestMyString test2                  : 2   of 2  
TestMyString test3                  : 2   of 2  
TestMyString test4                  : 3   of 3  
TestMyString test5                  : 3   of 3  
TestMyString test6                  : 3   of 3  
TestMyString test7                  : 3   of 3  
TestMyString test8                  : 3   of 3  
TestMyString test9                  : 0   of 3  
TestMyString test10                 : 0   of 3  
TestMyString test11                 : 3   of 3  
TestDLList test1                    : 10  of 10 
TestDLList test2                    : 0   of 10 
TestDLList test3                    : 10  of 10 
TestDLList test4                    : 0   of 10 
TestDLList test5                    : 10  of 10 
-------------------------------------------------
CS240: lab8. agraw185 Tue Nov 29 03:40:26 EST 2022  Total:  74 of 100



-------------------------------------------------
CS240: lab8. agraw185   
Tue Nov 29 14:00:54 EST 2022
-------------------------------------------------
TestStack test1                     : 20  of 20 
TestMyString test1                  : 2   of 2  
TestMyString test2                  : 2   of 2  
TestMyString test3                  : 2   of 2  
TestMyString test4                  : 3   of 3  
TestMyString test5                  : 3   of 3  
TestMyString test6                  : 3   of 3  
TestMyString test7                  : 3   of 3  
TestMyString test8                  : 3   of 3  
TestMyString test9                  : 0   of 3  
TestMyString test10                 : 0   of 3  
TestMyString test11                 : 3   of 3  
TestDLList test1                    : 10  of 10 
TestDLList test2                    : 0   of 10 
TestDLList test3                    : 10  of 10 
TestDLList test4                    : 0   of 10 
TestDLList test5                    : 10  of 10 
-------------------------------------------------
CS240: lab8. agraw185 Tue Nov 29 14:00:54 EST 2022  Total:  74 of 100



-------------------------------------------------
CS240: lab8. agraw185   
Tue Nov 29 14:16:19 EST 2022
-------------------------------------------------
TestStack test1                     : 20  of 20 
TestMyString test1                  : 2   of 2  
TestMyString test2                  : 2   of 2  
TestMyString test3                  : 2   of 2  
TestMyString test4                  : 3   of 3  
TestMyString test5                  : 3   of 3  
TestMyString test6                  : 3   of 3  
TestMyString test7                  : 3   of 3  
TestMyString test8                  : 3   of 3  
TestMyString test9                  : 0   of 3  
TestMyString test10                 : 0   of 3  
TestMyString test11                 : 3   of 3  
TestDLList test1                    : 10  of 10 
TestDLList test2                    : 0   of 10 
TestDLList test3                    : 10  of 10 
TestDLList test4                    : 0   of 10 
TestDLList test5                    : 10  of 10 
-------------------------------------------------
CS240: lab8. agraw185 Tue Nov 29 14:16:19 EST 2022  Total:  74 of 100



-------------------------------------------------
CS240: lab8. agraw185   
Tue Nov 29 14:22:50 EST 2022
-------------------------------------------------
TestStack test1                     : 20  of 20 
TestMyString test1                  : 2   of 2  
TestMyString test2                  : 2   of 2  
TestMyString test3                  : 2   of 2  
TestMyString test4                  : 3   of 3  
TestMyString test5                  : 3   of 3  
TestMyString test6                  : 3   of 3  
TestMyString test7                  : 3   of 3  
TestMyString test8                  : 3   of 3  
TestMyString test9                  : 0   of 3  
TestMyString test10                 : 0   of 3  
TestMyString test11                 : 3   of 3  
TestDLList test1                    : 10  of 10 
TestDLList test2                    : 0   of 10 
TestDLList test3                    : 10  of 10 
TestDLList test4                    : 0   of 10 
TestDLList test5                    : 10  of 10 
-------------------------------------------------
CS240: lab8. agraw185 Tue Nov 29 14:22:50 EST 2022  Total:  74 of 100



-------------------------------------------------
CS240: lab8. agraw185   
Tue Nov 29 14:24:07 EST 2022
-------------------------------------------------
TestStack test1                     : 20  of 20 
TestMyString test1                  : 2   of 2  
TestMyString test2                  : 2   of 2  
TestMyString test3                  : 2   of 2  
TestMyString test4                  : 3   of 3  
TestMyString test5                  : 3   of 3  
TestMyString test6                  : 3   of 3  
TestMyString test7                  : 3   of 3  
TestMyString test8                  : 3   of 3  
TestMyString test9                  : 0   of 3  
TestMyString test10                 : 0   of 3  
TestMyString test11                 : 3   of 3  
TestDLList test1                    : 10  of 10 
TestDLList test2                    : 0   of 10 
TestDLList test3                    : 10  of 10 
TestDLList test4                    : 0   of 10 
TestDLList test5                    : 10  of 10 
-------------------------------------------------
CS240: lab8. agraw185 Tue Nov 29 14:24:07 EST 2022  Total:  74 of 100



-------------------------------------------------
CS240: lab8. agraw185   
Tue Nov 29 14:26:20 EST 2022
-------------------------------------------------
TestStack test1                     : 20  of 20 
TestMyString test1                  : 2   of 2  
TestMyString test2                  : 2   of 2  
TestMyString test3                  : 2   of 2  
TestMyString test4                  : 3   of 3  
TestMyString test5                  : 3   of 3  
TestMyString test6                  : 3   of 3  
TestMyString test7                  : 3   of 3  
TestMyString test8                  : 3   of 3  
TestMyString test9                  : 0   of 3  
TestMyString test10                 : 0   of 3  
TestMyString test11                 : 3   of 3  
TestDLList test1                    : 10  of 10 
TestDLList test2                    : 0   of 10 
TestDLList test3                    : 10  of 10 
TestDLList test4                    : 0   of 10 
TestDLList test5                    : 10  of 10 
-------------------------------------------------
CS240: lab8. agraw185 Tue Nov 29 14:26:20 EST 2022  Total:  74 of 100



-------------------------------------------------
CS240: lab8. agraw185   
Tue Nov 29 14:26:40 EST 2022
-------------------------------------------------
TestStack test1                     : 20  of 20 
TestMyString test1                  : 2   of 2  
TestMyString test2                  : 2   of 2  
TestMyString test3                  : 2   of 2  
TestMyString test4                  : 3   of 3  
TestMyString test5                  : 3   of 3  
TestMyString test6                  : 3   of 3  
TestMyString test7                  : 3   of 3  
TestMyString test8                  : 3   of 3  
TestMyString test9                  : 0   of 3  
TestMyString test10                 : 0   of 3  
TestMyString test11                 : 3   of 3  
TestDLList test1                    : 10  of 10 
TestDLList test2                    : 0   of 10 
TestDLList test3                    : 10  of 10 
TestDLList test4                    : 0   of 10 
TestDLList test5                    : 10  of 10 
-------------------------------------------------
CS240: lab8. agraw185 Tue Nov 29 14:26:40 EST 2022  Total:  74 of 100



-------------------------------------------------
CS240: lab8. agraw185   
Tue Nov 29 14:31:40 EST 2022
-------------------------------------------------
TestStack test1                     : 20  of 20 
TestMyString test1                  : 0   of 2  
TestMyString test2                  : 0   of 2  
TestMyString test3                  : 0   of 2  
TestMyString test4                  : 0   of 3  
TestMyString test5                  : 0   of 3  
TestMyString test6                  : 0   of 3  
TestMyString test7                  : 0   of 3  
TestMyString test8                  : 0   of 3  
TestMyString test9                  : 0   of 3  
TestMyString test10                 : 0   of 3  
TestMyString test11                 : 0   of 3  
TestDLList test1                    : 0   of 10 
TestDLList test2                    : 0   of 10 
TestDLList test3                    : 0   of 10 
TestDLList test4                    : 0   of 10 
TestDLList test5                    : 0   of 10 
-------------------------------------------------
CS240: lab8. agraw185 Tue Nov 29 14:31:40 EST 2022  Total:  20 of 100



-------------------------------------------------
CS240: lab8. agraw185   
Tue Nov 29 14:33:03 EST 2022
-------------------------------------------------
TestStack test1                     : 20  of 20 
TestMyString test1                  : 0   of 2  
TestMyString test2                  : 0   of 2  
TestMyString test3                  : 0   of 2  
TestMyString test4                  : 0   of 3  
TestMyString test5                  : 0   of 3  
TestMyString test6                  : 0   of 3  
TestMyString test7                  : 0   of 3  
TestMyString test8                  : 0   of 3  
TestMyString test9                  : 0   of 3  
TestMyString test10                 : 0   of 3  
TestMyString test11                 : 0   of 3  
TestDLList test1                    : 0   of 10 
TestDLList test2                    : 0   of 10 
TestDLList test3                    : 0   of 10 
TestDLList test4                    : 0   of 10 
TestDLList test5                    : 0   of 10 
-------------------------------------------------
CS240: lab8. agraw185 Tue Nov 29 14:33:03 EST 2022  Total:  20 of 100



-------------------------------------------------
CS240: lab8. agraw185   
Tue Nov 29 14:33:52 EST 2022
-------------------------------------------------
TestStack test1                     : 20  of 20 
TestMyString test1                  : 2   of 2  
TestMyString test2                  : 2   of 2  
TestMyString test3                  : 2   of 2  
TestMyString test4                  : 3   of 3  
TestMyString test5                  : 3   of 3  
TestMyString test6                  : 3   of 3  
TestMyString test7                  : 3   of 3  
TestMyString test8                  : 3   of 3  
TestMyString test9                  : 3   of 3  
TestMyString test10                 : 0   of 3  
TestMyString test11                 : 3   of 3  
TestDLList test1                    : 10  of 10 
TestDLList test2                    : 0   of 10 
TestDLList test3                    : 10  of 10 
TestDLList test4                    : 0   of 10 
TestDLList test5                    : 10  of 10 
-------------------------------------------------
CS240: lab8. agraw185 Tue Nov 29 14:33:52 EST 2022  Total:  77 of 100



-------------------------------------------------
CS240: lab8. agraw185   
Tue Nov 29 14:43:52 EST 2022
-------------------------------------------------
TestStack test1                     : 20  of 20 
TestMyString test1                  : 0   of 2  
TestMyString test2                  : 0   of 2  
TestMyString test3                  : 0   of 2  
TestMyString test4                  : 0   of 3  
TestMyString test5                  : 0   of 3  
TestMyString test6                  : 0   of 3  
TestMyString test7                  : 0   of 3  
TestMyString test8                  : 0   of 3  
TestMyString test9                  : 0   of 3  
TestMyString test10                 : 0   of 3  
TestMyString test11                 : 0   of 3  
TestDLList test1                    : 0   of 10 
TestDLList test2                    : 0   of 10 
TestDLList test3                    : 0   of 10 
TestDLList test4                    : 0   of 10 
TestDLList test5                    : 0   of 10 
-------------------------------------------------
CS240: lab8. agraw185 Tue Nov 29 14:43:52 EST 2022  Total:  20 of 100



-------------------------------------------------
CS240: lab8. agraw185   
Tue Nov 29 15:50:09 EST 2022
-------------------------------------------------
TestStack test1                     : 20  of 20 
TestMyString test1                  : 0   of 2  
TestMyString test2                  : 0   of 2  
TestMyString test3                  : 0   of 2  
TestMyString test4                  : 0   of 3  
TestMyString test5                  : 0   of 3  
TestMyString test6                  : 0   of 3  
TestMyString test7                  : 0   of 3  
TestMyString test8                  : 0   of 3  
TestMyString test9                  : 0   of 3  
TestMyString test10                 : 0   of 3  
TestMyString test11                 : 0   of 3  
TestDLList test1                    : 0   of 10 
TestDLList test2                    : 0   of 10 
TestDLList test3                    : 0   of 10 
TestDLList test4                    : 0   of 10 
TestDLList test5                    : 0   of 10 
-------------------------------------------------
CS240: lab8. agraw185 Tue Nov 29 15:50:09 EST 2022  Total:  20 of 100



-------------------------------------------------
CS240: lab8. agraw185   
Tue Nov 29 15:51:06 EST 2022
-------------------------------------------------
TestStack test1                     : 20  of 20 
TestMyString test1                  : 0   of 2  
TestMyString test2                  : 0   of 2  
TestMyString test3                  : 0   of 2  
TestMyString test4                  : 0   of 3  
TestMyString test5                  : 0   of 3  
TestMyString test6                  : 0   of 3  
TestMyString test7                  : 0   of 3  
TestMyString test8                  : 0   of 3  
TestMyString test9                  : 0   of 3  
TestMyString test10                 : 0   of 3  
TestMyString test11                 : 0   of 3  
TestDLList test1                    : 0   of 10 
TestDLList test2                    : 0   of 10 
TestDLList test3                    : 0   of 10 
TestDLList test4                    : 0   of 10 
TestDLList test5                    : 0   of 10 
-------------------------------------------------
CS240: lab8. agraw185 Tue Nov 29 15:51:06 EST 2022  Total:  20 of 100



-------------------------------------------------
CS240: lab8. agraw185   
Tue Nov 29 15:52:33 EST 2022
-------------------------------------------------
TestStack test1                     : 20  of 20 
TestMyString test1                  : 2   of 2  
TestMyString test2                  : 2   of 2  
TestMyString test3                  : 2   of 2  
TestMyString test4                  : 3   of 3  
TestMyString test5                  : 3   of 3  
TestMyString test6                  : 3   of 3  
TestMyString test7                  : 3   of 3  
TestMyString test8                  : 3   of 3  
TestMyString test9                  : 3   of 3  
TestMyString test10                 : 3   of 3  
TestMyString test11                 : 3   of 3  
TestDLList test1                    : 10  of 10 
TestDLList test2                    : 0   of 10 
TestDLList test3                    : 10  of 10 
TestDLList test4                    : 0   of 10 
TestDLList test5                    : 10  of 10 
-------------------------------------------------
CS240: lab8. agraw185 Tue Nov 29 15:52:33 EST 2022  Total:  80 of 100



-------------------------------------------------
CS240: lab8. agraw185   
Tue Nov 29 16:00:56 EST 2022
-------------------------------------------------
TestStack test1                     : 20  of 20 
TestMyString test1                  : 2   of 2  
TestMyString test2                  : 2   of 2  
TestMyString test3                  : 2   of 2  
TestMyString test4                  : 3   of 3  
TestMyString test5                  : 3   of 3  
TestMyString test6                  : 3   of 3  
TestMyString test7                  : 3   of 3  
TestMyString test8                  : 3   of 3  
TestMyString test9                  : 3   of 3  
TestMyString test10                 : 3   of 3  
TestMyString test11                 : 3   of 3  
TestDLList test1                    : 0   of 10 
TestDLList test2                    : 0   of 10 
TestDLList test3                    : 0   of 10 
TestDLList test4                    : 0   of 10 
TestDLList test5                    : 0   of 10 
-------------------------------------------------
CS240: lab8. agraw185 Tue Nov 29 16:00:56 EST 2022  Total:  50 of 100



-------------------------------------------------
CS240: lab8. agraw185   
Tue Nov 29 16:04:38 EST 2022
-------------------------------------------------
TestStack test1                     : 20  of 20 
TestMyString test1                  : 2   of 2  
TestMyString test2                  : 2   of 2  
TestMyString test3                  : 2   of 2  
TestMyString test4                  : 3   of 3  
TestMyString test5                  : 3   of 3  
TestMyString test6                  : 3   of 3  
TestMyString test7                  : 3   of 3  
TestMyString test8                  : 3   of 3  
TestMyString test9                  : 3   of 3  
TestMyString test10                 : 3   of 3  
TestMyString test11                 : 3   of 3  
TestDLList test1                    : 10  of 10 
TestDLList test2                    : 0   of 10 
TestDLList test3                    : 10  of 10 
TestDLList test4                    : 10  of 10 
TestDLList test5                    : 10  of 10 
-------------------------------------------------
CS240: lab8. agraw185 Tue Nov 29 16:04:38 EST 2022  Total:  90 of 100



-------------------------------------------------
CS240: lab8. agraw185   
Tue Nov 29 16:08:28 EST 2022
-------------------------------------------------
TestStack test1                     : 20  of 20 
TestMyString test1                  : 2   of 2  
TestMyString test2                  : 2   of 2  
TestMyString test3                  : 2   of 2  
TestMyString test4                  : 3   of 3  
TestMyString test5                  : 3   of 3  
TestMyString test6                  : 3   of 3  
TestMyString test7                  : 3   of 3  
TestMyString test8                  : 3   of 3  
TestMyString test9                  : 3   of 3  
TestMyString test10                 : 3   of 3  
TestMyString test11                 : 3   of 3  
TestDLList test1                    : 10  of 10 
TestDLList test2                    : 10  of 10 
TestDLList test3                    : 10  of 10 
TestDLList test4                    : 10  of 10 
TestDLList test5                    : 10  of 10 
-------------------------------------------------
CS240: lab8. agraw185 Tue Nov 29 16:08:28 EST 2022  Total:  100 of 100



-------------------------------------------------
CS240: lab8. agraw185   
Tue Nov 29 16:24:11 EST 2022
-------------------------------------------------
TestStack test1                     : 20  of 20 
TestMyString test1                  : 2   of 2  
TestMyString test2                  : 2   of 2  
TestMyString test3                  : 2   of 2  
TestMyString test4                  : 3   of 3  
TestMyString test5                  : 3   of 3  
TestMyString test6                  : 3   of 3  
TestMyString test7                  : 3   of 3  
TestMyString test8                  : 3   of 3  
TestMyString test9                  : 3   of 3  
TestMyString test10                 : 3   of 3  
TestMyString test11                 : 3   of 3  
TestDLList test1                    : 10  of 10 
TestDLList test2                    : 10  of 10 
TestDLList test3                    : 10  of 10 
TestDLList test4                    : 10  of 10 
TestDLList test5                    : 10  of 10 
-------------------------------------------------
CS240: lab8. agraw185 Tue Nov 29 16:24:11 EST 2022  Total:  100 of 100

