3602599 execve("./myshell", ["./myshell"], 0x7ffce64d8168 /* 43 vars */) = 0
3602599 brk(NULL)                       = 0x55de2fd27000
3602599 arch_prctl(0x3001 /* ARCH_??? */, 0x7ffe8887cfd0) = -1 EINVAL (Invalid argument)
3602599 mmap(NULL, 8192, PROT_READ|PROT_WRITE, MAP_PRIVATE|MAP_ANONYMOUS, -1, 0) = 0x7fd2d83f9000
3602599 access("/etc/ld.so.preload", R_OK) = -1 ENOENT (No such file or directory)
3602599 openat(AT_FDCWD, "glibc-hwcaps/x86-64-v4/libc.so.6", O_RDONLY|O_CLOEXEC) = -1 ENOENT (No such file or directory)
3602599 openat(AT_FDCWD, "glibc-hwcaps/x86-64-v3/libc.so.6", O_RDONLY|O_CLOEXEC) = -1 ENOENT (No such file or directory)
3602599 openat(AT_FDCWD, "glibc-hwcaps/x86-64-v2/libc.so.6", O_RDONLY|O_CLOEXEC) = -1 ENOENT (No such file or directory)
3602599 openat(AT_FDCWD, "tls/haswell/avx512_1/x86_64/libc.so.6", O_RDONLY|O_CLOEXEC) = -1 ENOENT (No such file or directory)
3602599 openat(AT_FDCWD, "tls/haswell/avx512_1/libc.so.6", O_RDONLY|O_CLOEXEC) = -1 ENOENT (No such file or directory)
3602599 openat(AT_FDCWD, "tls/haswell/x86_64/libc.so.6", O_RDONLY|O_CLOEXEC) = -1 ENOENT (No such file or directory)
3602599 openat(AT_FDCWD, "tls/haswell/libc.so.6", O_RDONLY|O_CLOEXEC) = -1 ENOENT (No such file or directory)
3602599 openat(AT_FDCWD, "tls/avx512_1/x86_64/libc.so.6", O_RDONLY|O_CLOEXEC) = -1 ENOENT (No such file or directory)
3602599 openat(AT_FDCWD, "tls/avx512_1/libc.so.6", O_RDONLY|O_CLOEXEC) = -1 ENOENT (No such file or directory)
3602599 openat(AT_FDCWD, "tls/x86_64/libc.so.6", O_RDONLY|O_CLOEXEC) = -1 ENOENT (No such file or directory)
3602599 openat(AT_FDCWD, "tls/libc.so.6", O_RDONLY|O_CLOEXEC) = -1 ENOENT (No such file or directory)
3602599 openat(AT_FDCWD, "haswell/avx512_1/x86_64/libc.so.6", O_RDONLY|O_CLOEXEC) = -1 ENOENT (No such file or directory)
3602599 openat(AT_FDCWD, "haswell/avx512_1/libc.so.6", O_RDONLY|O_CLOEXEC) = -1 ENOENT (No such file or directory)
3602599 openat(AT_FDCWD, "haswell/x86_64/libc.so.6", O_RDONLY|O_CLOEXEC) = -1 ENOENT (No such file or directory)
3602599 openat(AT_FDCWD, "haswell/libc.so.6", O_RDONLY|O_CLOEXEC) = -1 ENOENT (No such file or directory)
3602599 openat(AT_FDCWD, "avx512_1/x86_64/libc.so.6", O_RDONLY|O_CLOEXEC) = -1 ENOENT (No such file or directory)
3602599 openat(AT_FDCWD, "avx512_1/libc.so.6", O_RDONLY|O_CLOEXEC) = -1 ENOENT (No such file or directory)
3602599 openat(AT_FDCWD, "x86_64/libc.so.6", O_RDONLY|O_CLOEXEC) = -1 ENOENT (No such file or directory)
3602599 openat(AT_FDCWD, "libc.so.6", O_RDONLY|O_CLOEXEC) = -1 ENOENT (No such file or directory)
3602599 openat(AT_FDCWD, "/opt/oracle/instantclient_19_8/glibc-hwcaps/x86-64-v4/libc.so.6", O_RDONLY|O_CLOEXEC) = -1 ENOENT (No such file or directory)
3602599 newfstatat(AT_FDCWD, "/opt/oracle/instantclient_19_8/glibc-hwcaps/x86-64-v4", 0x7ffe8887c1f0, 0) = -1 ENOENT (No such file or directory)
3602599 openat(AT_FDCWD, "/opt/oracle/instantclient_19_8/glibc-hwcaps/x86-64-v3/libc.so.6", O_RDONLY|O_CLOEXEC) = -1 ENOENT (No such file or directory)
3602599 newfstatat(AT_FDCWD, "/opt/oracle/instantclient_19_8/glibc-hwcaps/x86-64-v3", 0x7ffe8887c1f0, 0) = -1 ENOENT (No such file or directory)
3602599 openat(AT_FDCWD, "/opt/oracle/instantclient_19_8/glibc-hwcaps/x86-64-v2/libc.so.6", O_RDONLY|O_CLOEXEC) = -1 ENOENT (No such file or directory)
3602599 newfstatat(AT_FDCWD, "/opt/oracle/instantclient_19_8/glibc-hwcaps/x86-64-v2", 0x7ffe8887c1f0, 0) = -1 ENOENT (No such file or directory)
3602599 openat(AT_FDCWD, "/opt/oracle/instantclient_19_8/tls/haswell/avx512_1/x86_64/libc.so.6", O_RDONLY|O_CLOEXEC) = -1 ENOENT (No such file or directory)
3602599 newfstatat(AT_FDCWD, "/opt/oracle/instantclient_19_8/tls/haswell/avx512_1/x86_64", 0x7ffe8887c1f0, 0) = -1 ENOENT (No such file or directory)
3602599 openat(AT_FDCWD, "/opt/oracle/instantclient_19_8/tls/haswell/avx512_1/libc.so.6", O_RDONLY|O_CLOEXEC) = -1 ENOENT (No such file or directory)
3602599 newfstatat(AT_FDCWD, "/opt/oracle/instantclient_19_8/tls/haswell/avx512_1", 0x7ffe8887c1f0, 0) = -1 ENOENT (No such file or directory)
3602599 openat(AT_FDCWD, "/opt/oracle/instantclient_19_8/tls/haswell/x86_64/libc.so.6", O_RDONLY|O_CLOEXEC) = -1 ENOENT (No such file or directory)
3602599 newfstatat(AT_FDCWD, "/opt/oracle/instantclient_19_8/tls/haswell/x86_64", 0x7ffe8887c1f0, 0) = -1 ENOENT (No such file or directory)
3602599 openat(AT_FDCWD, "/opt/oracle/instantclient_19_8/tls/haswell/libc.so.6", O_RDONLY|O_CLOEXEC) = -1 ENOENT (No such file or directory)
3602599 newfstatat(AT_FDCWD, "/opt/oracle/instantclient_19_8/tls/haswell", 0x7ffe8887c1f0, 0) = -1 ENOENT (No such file or directory)
3602599 openat(AT_FDCWD, "/opt/oracle/instantclient_19_8/tls/avx512_1/x86_64/libc.so.6", O_RDONLY|O_CLOEXEC) = -1 ENOENT (No such file or directory)
3602599 newfstatat(AT_FDCWD, "/opt/oracle/instantclient_19_8/tls/avx512_1/x86_64", 0x7ffe8887c1f0, 0) = -1 ENOENT (No such file or directory)
3602599 openat(AT_FDCWD, "/opt/oracle/instantclient_19_8/tls/avx512_1/libc.so.6", O_RDONLY|O_CLOEXEC) = -1 ENOENT (No such file or directory)
3602599 newfstatat(AT_FDCWD, "/opt/oracle/instantclient_19_8/tls/avx512_1", 0x7ffe8887c1f0, 0) = -1 ENOENT (No such file or directory)
3602599 openat(AT_FDCWD, "/opt/oracle/instantclient_19_8/tls/x86_64/libc.so.6", O_RDONLY|O_CLOEXEC) = -1 ENOENT (No such file or directory)
3602599 newfstatat(AT_FDCWD, "/opt/oracle/instantclient_19_8/tls/x86_64", 0x7ffe8887c1f0, 0) = -1 ENOENT (No such file or directory)
3602599 openat(AT_FDCWD, "/opt/oracle/instantclient_19_8/tls/libc.so.6", O_RDONLY|O_CLOEXEC) = -1 ENOENT (No such file or directory)
3602599 newfstatat(AT_FDCWD, "/opt/oracle/instantclient_19_8/tls", 0x7ffe8887c1f0, 0) = -1 ENOENT (No such file or directory)
3602599 openat(AT_FDCWD, "/opt/oracle/instantclient_19_8/haswell/avx512_1/x86_64/libc.so.6", O_RDONLY|O_CLOEXEC) = -1 ENOENT (No such file or directory)
3602599 newfstatat(AT_FDCWD, "/opt/oracle/instantclient_19_8/haswell/avx512_1/x86_64", 0x7ffe8887c1f0, 0) = -1 ENOENT (No such file or directory)
3602599 openat(AT_FDCWD, "/opt/oracle/instantclient_19_8/haswell/avx512_1/libc.so.6", O_RDONLY|O_CLOEXEC) = -1 ENOENT (No such file or directory)
3602599 newfstatat(AT_FDCWD, "/opt/oracle/instantclient_19_8/haswell/avx512_1", 0x7ffe8887c1f0, 0) = -1 ENOENT (No such file or directory)
3602599 openat(AT_FDCWD, "/opt/oracle/instantclient_19_8/haswell/x86_64/libc.so.6", O_RDONLY|O_CLOEXEC) = -1 ENOENT (No such file or directory)
3602599 newfstatat(AT_FDCWD, "/opt/oracle/instantclient_19_8/haswell/x86_64", 0x7ffe8887c1f0, 0) = -1 ENOENT (No such file or directory)
3602599 openat(AT_FDCWD, "/opt/oracle/instantclient_19_8/haswell/libc.so.6", O_RDONLY|O_CLOEXEC) = -1 ENOENT (No such file or directory)
3602599 newfstatat(AT_FDCWD, "/opt/oracle/instantclient_19_8/haswell", 0x7ffe8887c1f0, 0) = -1 ENOENT (No such file or directory)
3602599 openat(AT_FDCWD, "/opt/oracle/instantclient_19_8/avx512_1/x86_64/libc.so.6", O_RDONLY|O_CLOEXEC) = -1 ENOENT (No such file or directory)
3602599 newfstatat(AT_FDCWD, "/opt/oracle/instantclient_19_8/avx512_1/x86_64", 0x7ffe8887c1f0, 0) = -1 ENOENT (No such file or directory)
3602599 openat(AT_FDCWD, "/opt/oracle/instantclient_19_8/avx512_1/libc.so.6", O_RDONLY|O_CLOEXEC) = -1 ENOENT (No such file or directory)
3602599 newfstatat(AT_FDCWD, "/opt/oracle/instantclient_19_8/avx512_1", 0x7ffe8887c1f0, 0) = -1 ENOENT (No such file or directory)
3602599 openat(AT_FDCWD, "/opt/oracle/instantclient_19_8/x86_64/libc.so.6", O_RDONLY|O_CLOEXEC) = -1 ENOENT (No such file or directory)
3602599 newfstatat(AT_FDCWD, "/opt/oracle/instantclient_19_8/x86_64", 0x7ffe8887c1f0, 0) = -1 ENOENT (No such file or directory)
3602599 openat(AT_FDCWD, "/opt/oracle/instantclient_19_8/libc.so.6", O_RDONLY|O_CLOEXEC) = -1 ENOENT (No such file or directory)
3602599 newfstatat(AT_FDCWD, "/opt/oracle/instantclient_19_8", {st_mode=S_IFDIR|S_ISGID|0755, st_size=4096, ...}, 0) = 0
3602599 openat(AT_FDCWD, "/etc/ld.so.cache", O_RDONLY|O_CLOEXEC) = 3
3602599 newfstatat(3, "", {st_mode=S_IFREG|0644, st_size=186079, ...}, AT_EMPTY_PATH) = 0
3602599 mmap(NULL, 186079, PROT_READ, MAP_PRIVATE, 3, 0) = 0x7fd2d83cb000
3602599 close(3)                        = 0
3602599 openat(AT_FDCWD, "/lib/x86_64-linux-gnu/libc.so.6", O_RDONLY|O_CLOEXEC) = 3
3602599 read(3, "\177ELF\2\1\1\3\0\0\0\0\0\0\0\0\3\0>\0\1\0\0\0P\237\2\0\0\0\0\0"..., 832) = 832
3602599 pread64(3, "\6\0\0\0\4\0\0\0@\0\0\0\0\0\0\0@\0\0\0\0\0\0\0@\0\0\0\0\0\0\0"..., 784, 64) = 784
3602599 pread64(3, "\4\0\0\0 \0\0\0\5\0\0\0GNU\0\2\0\0\300\4\0\0\0\3\0\0\0\0\0\0\0"..., 48, 848) = 48
3602599 pread64(3, "\4\0\0\0\24\0\0\0\3\0\0\0GNU\0\302\211\332Pq\2439\235\350\223\322\257\201\326\243\f"..., 68, 896) = 68
3602599 newfstatat(3, "", {st_mode=S_IFREG|0755, st_size=2220400, ...}, AT_EMPTY_PATH) = 0
3602599 pread64(3, "\6\0\0\0\4\0\0\0@\0\0\0\0\0\0\0@\0\0\0\0\0\0\0@\0\0\0\0\0\0\0"..., 784, 64) = 784
3602599 mmap(NULL, 2264656, PROT_READ, MAP_PRIVATE|MAP_DENYWRITE, 3, 0) = 0x7fd2d81a2000
3602599 mprotect(0x7fd2d81ca000, 2023424, PROT_NONE) = 0
3602599 mmap(0x7fd2d81ca000, 1658880, PROT_READ|PROT_EXEC, MAP_PRIVATE|MAP_FIXED|MAP_DENYWRITE, 3, 0x28000) = 0x7fd2d81ca000
3602599 mmap(0x7fd2d835f000, 360448, PROT_READ, MAP_PRIVATE|MAP_FIXED|MAP_DENYWRITE, 3, 0x1bd000) = 0x7fd2d835f000
3602599 mmap(0x7fd2d83b8000, 24576, PROT_READ|PROT_WRITE, MAP_PRIVATE|MAP_FIXED|MAP_DENYWRITE, 3, 0x215000) = 0x7fd2d83b8000
3602599 mmap(0x7fd2d83be000, 52816, PROT_READ|PROT_WRITE, MAP_PRIVATE|MAP_FIXED|MAP_ANONYMOUS, -1, 0) = 0x7fd2d83be000
3602599 close(3)                        = 0
3602599 mmap(NULL, 12288, PROT_READ|PROT_WRITE, MAP_PRIVATE|MAP_ANONYMOUS, -1, 0) = 0x7fd2d819f000
3602599 arch_prctl(ARCH_SET_FS, 0x7fd2d819f740) = 0
3602599 set_tid_address(0x7fd2d819fa10) = 3602599
3602599 set_robust_list(0x7fd2d819fa20, 24) = 0
3602599 rseq(0x7fd2d81a00e0, 0x20, 0, 0x53053053) = 0
3602599 mprotect(0x7fd2d83b8000, 16384, PROT_READ) = 0
3602599 mprotect(0x55de2eaa1000, 4096, PROT_READ) = 0
3602599 mprotect(0x7fd2d8433000, 8192, PROT_READ) = 0
3602599 prlimit64(0, RLIMIT_STACK, NULL, {rlim_cur=8192*1024, rlim_max=RLIM64_INFINITY}) = 0
3602599 munmap(0x7fd2d83cb000, 186079)  = 0
3602599 getrandom("\x00\x6c\x09\x3d\xcc\x4d\x0b\x47", 8, GRND_NONBLOCK) = 8
3602599 brk(NULL)                       = 0x55de2fd27000
3602599 brk(0x55de2fd48000)             = 0x55de2fd48000
3602599 newfstatat(1, "", {st_mode=S_IFCHR|0620, st_rdev=makedev(0x88, 0x110), ...}, AT_EMPTY_PATH) = 0
3602599 write(1, "myshell>", 8)         = 8
3602599 ioctl(0, TCGETS, {B9600 opost isig icanon echo ...}) = 0
3602599 newfstatat(0, "", {st_mode=S_IFCHR|0620, st_rdev=makedev(0x88, 0x110), ...}, AT_EMPTY_PATH) = 0
3602599 read(0, "ls files > out2\n", 1024) = 16
3602599 --- SIGSEGV {si_signo=SIGSEGV, si_code=SEGV_MAPERR, si_addr=0x10} ---
3602599 +++ killed by SIGSEGV +++
