[master 7005999] 6 of 36
 Committer: CS24000 Account <cs240@data.cs.purdue.edu>
Your name and email address were configured automatically based
on your username and hostname. Please check that they are accurate.
You can suppress this message by setting them explicitly. Run the
following command and follow the instructions in your editor to edit
your configuration file:

    git config --global --edit

After doing this, you may fix the identity used for this commit with:

    git commit --amend --reset-author

 11 files changed, 164 insertions(+)
 create mode 100644 .local.git.out
 create mode 100644 .local.total.out
 create mode 100644 diff.out
 create mode 100644 mytable.ll
 create mode 100755 ptr-simple
 create mode 100755 simple_list
 create mode 100755 test_linked_list
 create mode 100644 test_linked_list.org.out
 create mode 100644 test_linked_list.out
 create mode 100644 total.out
 create mode 100644 total.txt
[master 1d3e90b] 6 of 36
 Committer: Shivli Agrawal <agraw185@data.cs.purdue.edu>
Your name and email address were configured automatically based
on your username and hostname. Please check that they are accurate.
You can suppress this message by setting them explicitly. Run the
following command and follow the instructions in your editor to edit
your configuration file:

    git config --global --edit

After doing this, you may fix the identity used for this commit with:

    git commit --amend --reset-author

 7 files changed, 42 insertions(+), 1 deletion(-)
 rewrite ptr-simple (86%)
 rewrite simple_list (86%)
 create mode 100644 table1.ll
 rewrite test_linked_list (81%)
[master 830d939] 36 of 36
 Committer: Shivli Agrawal <agraw185@data.cs.purdue.edu>
Your name and email address were configured automatically based
on your username and hostname. Please check that they are accurate.
You can suppress this message by setting them explicitly. Run the
following command and follow the instructions in your editor to edit
your configuration file:

    git config --global --edit

After doing this, you may fix the identity used for this commit with:

    git commit --amend --reset-author

 8 files changed, 271 insertions(+), 62 deletions(-)
 rewrite diff.out (100%)
 rewrite test_linked_list (75%)
 rewrite total.txt (83%)
[master e7130c8] 36 of 36
 Committer: Shivli Agrawal <agraw185@data.cs.purdue.edu>
Your name and email address were configured automatically based
on your username and hostname. Please check that they are accurate.
You can suppress this message by setting them explicitly. Run the
following command and follow the instructions in your editor to edit
your configuration file:

    git config --global --edit

After doing this, you may fix the identity used for this commit with:

    git commit --amend --reset-author

 5 files changed, 22 insertions(+), 1 deletion(-)
[master 086d292] 36 of 36
 Committer: Shivli Agrawal <agraw185@data.cs.purdue.edu>
Your name and email address were configured automatically based
on your username and hostname. Please check that they are accurate.
You can suppress this message by setting them explicitly. Run the
following command and follow the instructions in your editor to edit
your configuration file:

    git config --global --edit

After doing this, you may fix the identity used for this commit with:

    git commit --amend --reset-author

 4 files changed, 18 insertions(+), 1 deletion(-)
 create mode 100644 .LinkedList.c.swp
