CS240: lab5. cs240 Mon Sep 28 22:37:35 EDT 2015  Total:  0 of 126

CS240: lab5. cs240 Mon Sep 28 22:39:53 EDT 2015  Total:  59 of 126

CS240: lab5. cs240 Mon Sep 28 22:43:06 EDT 2015  Total:  64 of 126

CS240: lab5. cs240 Mon Sep 28 22:44:48 EDT 2015  Total:  64 of 126

CS240: lab5. cs240 Mon Sep 28 22:46:21 EDT 2015  Total:  64 of 126

CS240: lab5. cs240 Mon Sep 28 22:48:52 EDT 2015  Total:  39 of 126

CS240: lab5. cs240 Mon Sep 28 22:50:29 EDT 2015  Total:  3 of 126

CS240: lab5. cs240 Mon Sep 28 22:51:48 EDT 2015  Total:  3 of 126

CS240: lab4. cs240 Mon Sep 28 22:52:08 EDT 2015  Total:  3 of 126

CS240: lab4. cs240 Mon Sep 28 22:52:21 EDT 2015  Total:  3 of 126

CS240: lab4. cs240 Mon Sep 28 22:55:01 EDT 2015  Total:  3 of 126

CS240: lab4. cs240 Mon Sep 28 22:55:05 EDT 2015  Total:  3 of 126

CS240: lab4. cs240 Mon Sep 28 22:58:06 EDT 2015  Total:  3 of 116

CS240: lab4. cs240 Mon Sep 28 22:59:19 EDT 2015  Total:  3 of 102

CS240: lab4. cs240 Mon Sep 28 22:59:48 EDT 2015  Total:  3 of 100

CS240: lab4. cs240 Sat Jan 28 23:09:32 EST 2017  Total:  0 of 43

CS240: lab4. agraw185 Tue Sep 27 01:04:26 EDT 2022  Total:  0 of 43

CS240: lab4. agraw185 Tue Sep 27 02:01:35 EDT 2022  Total:  8 of 43

CS240: lab4. agraw185 Tue Sep 27 02:02:44 EDT 2022  Total:  8 of 43

CS240: lab4. agraw185 Tue Sep 27 02:53:55 EDT 2022  Total:  8 of 43

CS240: lab4. agraw185 Tue Sep 27 02:55:33 EDT 2022  Total:  8 of 43

CS240: lab4. agraw185 Tue Sep 27 02:56:44 EDT 2022  Total:  8 of 43

CS240: lab4. agraw185 Tue Sep 27 03:00:26 EDT 2022  Total:  8 of 43

CS240: lab4. agraw185 Tue Sep 27 03:08:59 EDT 2022  Total:  16 of 43

CS240: lab4. agraw185 Tue Sep 27 10:40:28 EDT 2022  Total:  14 of 43

CS240: lab4. agraw185 Tue Sep 27 10:41:46 EDT 2022  Total:  16 of 43

CS240: lab4. agraw185 Tue Sep 27 13:48:05 EDT 2022  Total:  8 of 43

CS240: lab4. agraw185 Tue Sep 27 14:34:29 EDT 2022  Total:  16 of 43

CS240: lab4. agraw185 Tue Sep 27 14:36:59 EDT 2022  Total:  16 of 43

CS240: lab4. agraw185 Tue Sep 27 14:44:45 EDT 2022  Total:  16 of 43

CS240: lab4. agraw185 Tue Sep 27 14:48:05 EDT 2022  Total:  16 of 43

CS240: lab4. agraw185 Tue Sep 27 14:54:37 EDT 2022  Total:  8 of 43

CS240: lab4. agraw185 Tue Sep 27 14:59:50 EDT 2022  Total:  12 of 43

CS240: lab4. agraw185 Tue Sep 27 15:02:20 EDT 2022  Total:  16 of 43

CS240: lab4. agraw185 Tue Sep 27 15:06:38 EDT 2022  Total:  26 of 43

CS240: lab4. agraw185 Tue Sep 27 15:13:19 EDT 2022  Total:  28 of 43

CS240: lab4. agraw185 Tue Sep 27 16:27:46 EDT 2022  Total:  28 of 43

CS240: lab4. agraw185 Tue Sep 27 16:34:02 EDT 2022  Total:  28 of 43

CS240: lab4. agraw185 Tue Sep 27 16:37:33 EDT 2022  Total:  40 of 43

CS240: lab4. agraw185 Tue Sep 27 16:48:00 EDT 2022  Total:  40 of 43

CS240: lab4. agraw185 Tue Sep 27 16:50:10 EDT 2022  Total:  43 of 43

CS240: lab4. agraw185 Thu Oct 27 02:33:00 EDT 2022  Total:  43 of 43

CS240: lab4. agraw185 Tue Nov 1 11:03:58 EDT 2022  Total:  43 of 43

CS240: lab4. agraw185 Tue Nov 1 17:39:17 EDT 2022  Total:  43 of 43

