execve("./hello-syscall", ["hello-syscall"], 0x7fff1789d9d0 /* 43 vars */) = 0
brk(NULL)                               = 0x55b64cb4d000
arch_prctl(0x3001 /* ARCH_??? */, 0x7ffd369fb020) = -1 EINVAL (Invalid argument)
mmap(NULL, 8192, PROT_READ|PROT_WRITE, MAP_PRIVATE|MAP_ANONYMOUS, -1, 0) = 0x7f7e42305000
access("/etc/ld.so.preload", R_OK)      = -1 ENOENT (No such file or directory)
openat(AT_FDCWD, "glibc-hwcaps/x86-64-v4/libc.so.6", O_RDONLY|O_CLOEXEC) = -1 ENOENT (No such file or directory)
openat(AT_FDCWD, "glibc-hwcaps/x86-64-v3/libc.so.6", O_RDONLY|O_CLOEXEC) = -1 ENOENT (No such file or directory)
openat(AT_FDCWD, "glibc-hwcaps/x86-64-v2/libc.so.6", O_RDONLY|O_CLOEXEC) = -1 ENOENT (No such file or directory)
openat(AT_FDCWD, "tls/haswell/avx512_1/x86_64/libc.so.6", O_RDONLY|O_CLOEXEC) = -1 ENOENT (No such file or directory)
openat(AT_FDCWD, "tls/haswell/avx512_1/libc.so.6", O_RDONLY|O_CLOEXEC) = -1 ENOENT (No such file or directory)
openat(AT_FDCWD, "tls/haswell/x86_64/libc.so.6", O_RDONLY|O_CLOEXEC) = -1 ENOENT (No such file or directory)
openat(AT_FDCWD, "tls/haswell/libc.so.6", O_RDONLY|O_CLOEXEC) = -1 ENOENT (No such file or directory)
openat(AT_FDCWD, "tls/avx512_1/x86_64/libc.so.6", O_RDONLY|O_CLOEXEC) = -1 ENOENT (No such file or directory)
openat(AT_FDCWD, "tls/avx512_1/libc.so.6", O_RDONLY|O_CLOEXEC) = -1 ENOENT (No such file or directory)
openat(AT_FDCWD, "tls/x86_64/libc.so.6", O_RDONLY|O_CLOEXEC) = -1 ENOENT (No such file or directory)
openat(AT_FDCWD, "tls/libc.so.6", O_RDONLY|O_CLOEXEC) = -1 ENOENT (No such file or directory)
openat(AT_FDCWD, "haswell/avx512_1/x86_64/libc.so.6", O_RDONLY|O_CLOEXEC) = -1 ENOENT (No such file or directory)
openat(AT_FDCWD, "haswell/avx512_1/libc.so.6", O_RDONLY|O_CLOEXEC) = -1 ENOENT (No such file or directory)
openat(AT_FDCWD, "haswell/x86_64/libc.so.6", O_RDONLY|O_CLOEXEC) = -1 ENOENT (No such file or directory)
openat(AT_FDCWD, "haswell/libc.so.6", O_RDONLY|O_CLOEXEC) = -1 ENOENT (No such file or directory)
openat(AT_FDCWD, "avx512_1/x86_64/libc.so.6", O_RDONLY|O_CLOEXEC) = -1 ENOENT (No such file or directory)
openat(AT_FDCWD, "avx512_1/libc.so.6", O_RDONLY|O_CLOEXEC) = -1 ENOENT (No such file or directory)
openat(AT_FDCWD, "x86_64/libc.so.6", O_RDONLY|O_CLOEXEC) = -1 ENOENT (No such file or directory)
openat(AT_FDCWD, "libc.so.6", O_RDONLY|O_CLOEXEC) = -1 ENOENT (No such file or directory)
openat(AT_FDCWD, "/opt/oracle/instantclient_19_8/glibc-hwcaps/x86-64-v4/libc.so.6", O_RDONLY|O_CLOEXEC) = -1 ENOENT (No such file or directory)
newfstatat(AT_FDCWD, "/opt/oracle/instantclient_19_8/glibc-hwcaps/x86-64-v4", 0x7ffd369fa240, 0) = -1 ENOENT (No such file or directory)
openat(AT_FDCWD, "/opt/oracle/instantclient_19_8/glibc-hwcaps/x86-64-v3/libc.so.6", O_RDONLY|O_CLOEXEC) = -1 ENOENT (No such file or directory)
newfstatat(AT_FDCWD, "/opt/oracle/instantclient_19_8/glibc-hwcaps/x86-64-v3", 0x7ffd369fa240, 0) = -1 ENOENT (No such file or directory)
openat(AT_FDCWD, "/opt/oracle/instantclient_19_8/glibc-hwcaps/x86-64-v2/libc.so.6", O_RDONLY|O_CLOEXEC) = -1 ENOENT (No such file or directory)
newfstatat(AT_FDCWD, "/opt/oracle/instantclient_19_8/glibc-hwcaps/x86-64-v2", 0x7ffd369fa240, 0) = -1 ENOENT (No such file or directory)
openat(AT_FDCWD, "/opt/oracle/instantclient_19_8/tls/haswell/avx512_1/x86_64/libc.so.6", O_RDONLY|O_CLOEXEC) = -1 ENOENT (No such file or directory)
newfstatat(AT_FDCWD, "/opt/oracle/instantclient_19_8/tls/haswell/avx512_1/x86_64", 0x7ffd369fa240, 0) = -1 ENOENT (No such file or directory)
openat(AT_FDCWD, "/opt/oracle/instantclient_19_8/tls/haswell/avx512_1/libc.so.6", O_RDONLY|O_CLOEXEC) = -1 ENOENT (No such file or directory)
newfstatat(AT_FDCWD, "/opt/oracle/instantclient_19_8/tls/haswell/avx512_1", 0x7ffd369fa240, 0) = -1 ENOENT (No such file or directory)
openat(AT_FDCWD, "/opt/oracle/instantclient_19_8/tls/haswell/x86_64/libc.so.6", O_RDONLY|O_CLOEXEC) = -1 ENOENT (No such file or directory)
newfstatat(AT_FDCWD, "/opt/oracle/instantclient_19_8/tls/haswell/x86_64", 0x7ffd369fa240, 0) = -1 ENOENT (No such file or directory)
openat(AT_FDCWD, "/opt/oracle/instantclient_19_8/tls/haswell/libc.so.6", O_RDONLY|O_CLOEXEC) = -1 ENOENT (No such file or directory)
newfstatat(AT_FDCWD, "/opt/oracle/instantclient_19_8/tls/haswell", 0x7ffd369fa240, 0) = -1 ENOENT (No such file or directory)
openat(AT_FDCWD, "/opt/oracle/instantclient_19_8/tls/avx512_1/x86_64/libc.so.6", O_RDONLY|O_CLOEXEC) = -1 ENOENT (No such file or directory)
newfstatat(AT_FDCWD, "/opt/oracle/instantclient_19_8/tls/avx512_1/x86_64", 0x7ffd369fa240, 0) = -1 ENOENT (No such file or directory)
openat(AT_FDCWD, "/opt/oracle/instantclient_19_8/tls/avx512_1/libc.so.6", O_RDONLY|O_CLOEXEC) = -1 ENOENT (No such file or directory)
newfstatat(AT_FDCWD, "/opt/oracle/instantclient_19_8/tls/avx512_1", 0x7ffd369fa240, 0) = -1 ENOENT (No such file or directory)
openat(AT_FDCWD, "/opt/oracle/instantclient_19_8/tls/x86_64/libc.so.6", O_RDONLY|O_CLOEXEC) = -1 ENOENT (No such file or directory)
newfstatat(AT_FDCWD, "/opt/oracle/instantclient_19_8/tls/x86_64", 0x7ffd369fa240, 0) = -1 ENOENT (No such file or directory)
openat(AT_FDCWD, "/opt/oracle/instantclient_19_8/tls/libc.so.6", O_RDONLY|O_CLOEXEC) = -1 ENOENT (No such file or directory)
newfstatat(AT_FDCWD, "/opt/oracle/instantclient_19_8/tls", 0x7ffd369fa240, 0) = -1 ENOENT (No such file or directory)
openat(AT_FDCWD, "/opt/oracle/instantclient_19_8/haswell/avx512_1/x86_64/libc.so.6", O_RDONLY|O_CLOEXEC) = -1 ENOENT (No such file or directory)
newfstatat(AT_FDCWD, "/opt/oracle/instantclient_19_8/haswell/avx512_1/x86_64", 0x7ffd369fa240, 0) = -1 ENOENT (No such file or directory)
openat(AT_FDCWD, "/opt/oracle/instantclient_19_8/haswell/avx512_1/libc.so.6", O_RDONLY|O_CLOEXEC) = -1 ENOENT (No such file or directory)
newfstatat(AT_FDCWD, "/opt/oracle/instantclient_19_8/haswell/avx512_1", 0x7ffd369fa240, 0) = -1 ENOENT (No such file or directory)
openat(AT_FDCWD, "/opt/oracle/instantclient_19_8/haswell/x86_64/libc.so.6", O_RDONLY|O_CLOEXEC) = -1 ENOENT (No such file or directory)
newfstatat(AT_FDCWD, "/opt/oracle/instantclient_19_8/haswell/x86_64", 0x7ffd369fa240, 0) = -1 ENOENT (No such file or directory)
openat(AT_FDCWD, "/opt/oracle/instantclient_19_8/haswell/libc.so.6", O_RDONLY|O_CLOEXEC) = -1 ENOENT (No such file or directory)
newfstatat(AT_FDCWD, "/opt/oracle/instantclient_19_8/haswell", 0x7ffd369fa240, 0) = -1 ENOENT (No such file or directory)
openat(AT_FDCWD, "/opt/oracle/instantclient_19_8/avx512_1/x86_64/libc.so.6", O_RDONLY|O_CLOEXEC) = -1 ENOENT (No such file or directory)
newfstatat(AT_FDCWD, "/opt/oracle/instantclient_19_8/avx512_1/x86_64", 0x7ffd369fa240, 0) = -1 ENOENT (No such file or directory)
openat(AT_FDCWD, "/opt/oracle/instantclient_19_8/avx512_1/libc.so.6", O_RDONLY|O_CLOEXEC) = -1 ENOENT (No such file or directory)
newfstatat(AT_FDCWD, "/opt/oracle/instantclient_19_8/avx512_1", 0x7ffd369fa240, 0) = -1 ENOENT (No such file or directory)
openat(AT_FDCWD, "/opt/oracle/instantclient_19_8/x86_64/libc.so.6", O_RDONLY|O_CLOEXEC) = -1 ENOENT (No such file or directory)
newfstatat(AT_FDCWD, "/opt/oracle/instantclient_19_8/x86_64", 0x7ffd369fa240, 0) = -1 ENOENT (No such file or directory)
openat(AT_FDCWD, "/opt/oracle/instantclient_19_8/libc.so.6", O_RDONLY|O_CLOEXEC) = -1 ENOENT (No such file or directory)
newfstatat(AT_FDCWD, "/opt/oracle/instantclient_19_8", {st_mode=S_IFDIR|S_ISGID|0755, st_size=4096, ...}, 0) = 0
openat(AT_FDCWD, "/etc/ld.so.cache", O_RDONLY|O_CLOEXEC) = 3
newfstatat(3, "", {st_mode=S_IFREG|0644, st_size=186079, ...}, AT_EMPTY_PATH) = 0
mmap(NULL, 186079, PROT_READ, MAP_PRIVATE, 3, 0) = 0x7f7e422d7000
close(3)                                = 0
openat(AT_FDCWD, "/lib/x86_64-linux-gnu/libc.so.6", O_RDONLY|O_CLOEXEC) = 3
read(3, "\177ELF\2\1\1\3\0\0\0\0\0\0\0\0\3\0>\0\1\0\0\0P\237\2\0\0\0\0\0"..., 832) = 832
pread64(3, "\6\0\0\0\4\0\0\0@\0\0\0\0\0\0\0@\0\0\0\0\0\0\0@\0\0\0\0\0\0\0"..., 784, 64) = 784
pread64(3, "\4\0\0\0 \0\0\0\5\0\0\0GNU\0\2\0\0\300\4\0\0\0\3\0\0\0\0\0\0\0"..., 48, 848) = 48
pread64(3, "\4\0\0\0\24\0\0\0\3\0\0\0GNU\0\302\211\332Pq\2439\235\350\223\322\257\201\326\243\f"..., 68, 896) = 68
newfstatat(3, "", {st_mode=S_IFREG|0755, st_size=2220400, ...}, AT_EMPTY_PATH) = 0
pread64(3, "\6\0\0\0\4\0\0\0@\0\0\0\0\0\0\0@\0\0\0\0\0\0\0@\0\0\0\0\0\0\0"..., 784, 64) = 784
mmap(NULL, 2264656, PROT_READ, MAP_PRIVATE|MAP_DENYWRITE, 3, 0) = 0x7f7e420ae000
mprotect(0x7f7e420d6000, 2023424, PROT_NONE) = 0
mmap(0x7f7e420d6000, 1658880, PROT_READ|PROT_EXEC, MAP_PRIVATE|MAP_FIXED|MAP_DENYWRITE, 3, 0x28000) = 0x7f7e420d6000
mmap(0x7f7e4226b000, 360448, PROT_READ, MAP_PRIVATE|MAP_FIXED|MAP_DENYWRITE, 3, 0x1bd000) = 0x7f7e4226b000
mmap(0x7f7e422c4000, 24576, PROT_READ|PROT_WRITE, MAP_PRIVATE|MAP_FIXED|MAP_DENYWRITE, 3, 0x215000) = 0x7f7e422c4000
mmap(0x7f7e422ca000, 52816, PROT_READ|PROT_WRITE, MAP_PRIVATE|MAP_FIXED|MAP_ANONYMOUS, -1, 0) = 0x7f7e422ca000
close(3)                                = 0
mmap(NULL, 12288, PROT_READ|PROT_WRITE, MAP_PRIVATE|MAP_ANONYMOUS, -1, 0) = 0x7f7e420ab000
arch_prctl(ARCH_SET_FS, 0x7f7e420ab740) = 0
set_tid_address(0x7f7e420aba10)         = 2147742
set_robust_list(0x7f7e420aba20, 24)     = 0
rseq(0x7f7e420ac0e0, 0x20, 0, 0x53053053) = 0
mprotect(0x7f7e422c4000, 16384, PROT_READ) = 0
mprotect(0x55b64ac6c000, 4096, PROT_READ) = 0
mprotect(0x7f7e4233f000, 8192, PROT_READ) = 0
prlimit64(0, RLIMIT_STACK, NULL, {rlim_cur=8192*1024, rlim_max=RLIM64_INFINITY}) = 0
munmap(0x7f7e422d7000, 186079)          = 0
write(1, "Hello World without syscall\n", 28) = 28
write(1, "Hello World with syscall\n", 25) = 25
newfstatat(1, "", {st_mode=S_IFCHR|0620, st_rdev=makedev(0x88, 0x29), ...}, AT_EMPTY_PATH) = 0
getrandom("\xac\x88\x10\x67\xa6\x7e\x13\x9d", 8, GRND_NONBLOCK) = 8
brk(NULL)                               = 0x55b64cb4d000
brk(0x55b64cb6e000)                     = 0x55b64cb6e000
write(1, "Hello World with printf\n", 24) = 24
exit_group(24)                          = ?
+++ exited with 24 +++
