

-------------------------------------------------
CS240: Lab 2b. cs240   
Sat Aug 29 15:19:08 EDT 2015
-------------------------------------------------
test_mystring test1                 : 0   of 3  
test_mystring test2                 : 0   of 3  
test_mystring test3                 : 0   of 3  
test_mystring test4                 : 0   of 3  
test_mystring test5                 : 0   of 3  
test_mystring test6                 : 0   of 3  
test_mystring test7                 : 0   of 3  
-------------------------------------------------
CS240: Lab 2b. cs240 Sat Aug 29 15:19:08 EDT 2015  Total:  0 of 21



-------------------------------------------------
CS240: Lab 2b. cs240   
Sat Aug 29 15:25:50 EDT 2015
-------------------------------------------------
test_mystring test1                 : 3   of 3  
test_mystring test2                 : 3   of 3  
test_mystring test3                 : 3   of 3  
test_mystring test4                 : 3   of 3  
test_mystring test5                 : 3   of 3  
test_mystring test6                 : 3   of 3  
test_mystring test7                 : 3   of 3  
-------------------------------------------------
CS240: Lab 2b. cs240 Sat Aug 29 15:25:50 EDT 2015  Total:  21 of 21



-------------------------------------------------
CS240: Lab 2b. cs240   
Sat Aug 29 15:26:57 EDT 2015
-------------------------------------------------
test_mystring test1                 : 3   of 3  
test_mystring test2                 : 3   of 3  
test_mystring test3                 : 3   of 3  
test_mystring test4                 : 3   of 3  
test_mystring test5                 : 3   of 3  
test_mystring test6                 : 3   of 3  
test_mystring test7                 : 3   of 3  
-------------------------------------------------
CS240: Lab 2b. cs240 Sat Aug 29 15:26:57 EDT 2015  Total:  21 of 21



-------------------------------------------------
CS240: Lab 2b. cs240   
Sat Aug 29 15:27:45 EDT 2015
-------------------------------------------------
test_mystring test1                 : 0   of 3  
test_mystring test2                 : 0   of 3  
test_mystring test3                 : 0   of 3  
test_mystring test4                 : 0   of 3  
test_mystring test5                 : 0   of 3  
test_mystring test6                 : 0   of 3  
test_mystring test7                 : 0   of 3  
-------------------------------------------------
CS240: Lab 2b. cs240 Sat Aug 29 15:27:45 EDT 2015  Total:  0 of 21



-------------------------------------------------
CS240: Lab 2b. cs240   
Sat Aug 29 15:28:05 EDT 2015
-------------------------------------------------
test_mystring test1                 : 0   of 3  
test_mystring test2                 : 0   of 3  
test_mystring test3                 : 0   of 3  
test_mystring test4                 : 0   of 3  
test_mystring test5                 : 0   of 3  
test_mystring test6                 : 0   of 3  
test_mystring test7                 : 0   of 3  
-------------------------------------------------
CS240: Lab 2b. cs240 Sat Aug 29 15:28:05 EDT 2015  Total:  0 of 21



-------------------------------------------------
CS240: Lab 2. agraw185   
Tue Sep  6 16:31:00 EDT 2022
-------------------------------------------------
test_mystring test1                 : 3   of 3  
test_mystring test2                 : 0   of 3  
test_mystring test3                 : 3   of 3  
test_mystring test4                 : 0   of 3  
test_mystring test5                 : 0   of 3  
test_mystring test6                 : 3   of 3  
test_mystring test7                 : 3   of 3  
-------------------------------------------------
CS240: Lab 2. agraw185 Tue Sep 6 16:31:00 EDT 2022  Total:  12 of 21



-------------------------------------------------
CS240: Lab 2. agraw185   
Tue Sep  6 17:04:29 EDT 2022
-------------------------------------------------
test_mystring test1                 : 3   of 3  
test_mystring test2                 : 0   of 3  
test_mystring test3                 : 3   of 3  
test_mystring test4                 : 0   of 3  
test_mystring test5                 : 0   of 3  
test_mystring test6                 : 3   of 3  
test_mystring test7                 : 3   of 3  
-------------------------------------------------
CS240: Lab 2. agraw185 Tue Sep 6 17:04:29 EDT 2022  Total:  12 of 21



-------------------------------------------------
CS240: Lab 2. agraw185   
Tue Sep  6 17:16:40 EDT 2022
-------------------------------------------------
test_mystring test1                 : 3   of 3  
test_mystring test2                 : 0   of 3  
test_mystring test3                 : 3   of 3  
test_mystring test4                 : 0   of 3  
test_mystring test5                 : 0   of 3  
test_mystring test6                 : 3   of 3  
test_mystring test7                 : 3   of 3  
-------------------------------------------------
CS240: Lab 2. agraw185 Tue Sep 6 17:16:40 EDT 2022  Total:  12 of 21



-------------------------------------------------
CS240: Lab 2. agraw185   
Tue Nov  1 04:28:12 EDT 2022
-------------------------------------------------
test_mystring test1                 : 3   of 3  
test_mystring test2                 : 0   of 3  
test_mystring test3                 : 3   of 3  
test_mystring test4                 : 0   of 3  
test_mystring test5                 : 0   of 3  
test_mystring test6                 : 3   of 3  
test_mystring test7                 : 3   of 3  
-------------------------------------------------
CS240: Lab 2. agraw185 Tue Nov 1 04:28:12 EDT 2022  Total:  12 of 21



-------------------------------------------------
CS240: Lab 2. agraw185   
Tue Nov  1 04:35:15 EDT 2022
-------------------------------------------------
test_mystring test1                 : 3   of 3  
test_mystring test2                 : 3   of 3  
test_mystring test3                 : 3   of 3  
test_mystring test4                 : 0   of 3  
test_mystring test5                 : 0   of 3  
test_mystring test6                 : 3   of 3  
test_mystring test7                 : 3   of 3  
-------------------------------------------------
CS240: Lab 2. agraw185 Tue Nov 1 04:35:15 EDT 2022  Total:  15 of 21



-------------------------------------------------
CS240: Lab 2. agraw185   
Tue Nov  1 04:38:59 EDT 2022
-------------------------------------------------
test_mystring test1                 : 3   of 3  
test_mystring test2                 : 3   of 3  
test_mystring test3                 : 3   of 3  
test_mystring test4                 : 0   of 3  
test_mystring test5                 : 0   of 3  
test_mystring test6                 : 3   of 3  
test_mystring test7                 : 3   of 3  
-------------------------------------------------
CS240: Lab 2. agraw185 Tue Nov 1 04:38:59 EDT 2022  Total:  15 of 21



-------------------------------------------------
CS240: Lab 2. agraw185   
Tue Nov  1 04:44:14 EDT 2022
-------------------------------------------------
test_mystring test1                 : 3   of 3  
test_mystring test2                 : 3   of 3  
test_mystring test3                 : 3   of 3  
test_mystring test4                 : 0   of 3  
test_mystring test5                 : 0   of 3  
test_mystring test6                 : 3   of 3  
test_mystring test7                 : 3   of 3  
-------------------------------------------------
CS240: Lab 2. agraw185 Tue Nov 1 04:44:14 EDT 2022  Total:  15 of 21



-------------------------------------------------
CS240: Lab 2. agraw185   
Tue Nov  1 04:59:39 EDT 2022
-------------------------------------------------
test_mystring test1                 : 3   of 3  
test_mystring test2                 : 3   of 3  
test_mystring test3                 : 3   of 3  
test_mystring test4                 : 0   of 3  
test_mystring test5                 : 0   of 3  
test_mystring test6                 : 3   of 3  
test_mystring test7                 : 3   of 3  
-------------------------------------------------
CS240: Lab 2. agraw185 Tue Nov 1 04:59:39 EDT 2022  Total:  15 of 21



-------------------------------------------------
CS240: Lab 2. agraw185   
Tue Nov  1 05:00:41 EDT 2022
-------------------------------------------------
test_mystring test1                 : 3   of 3  
test_mystring test2                 : 3   of 3  
test_mystring test3                 : 3   of 3  
test_mystring test4                 : 3   of 3  
test_mystring test5                 : 0   of 3  
test_mystring test6                 : 3   of 3  
test_mystring test7                 : 3   of 3  
-------------------------------------------------
CS240: Lab 2. agraw185 Tue Nov 1 05:00:41 EDT 2022  Total:  18 of 21



-------------------------------------------------
CS240: Lab 2. agraw185   
Tue Nov  1 05:14:19 EDT 2022
-------------------------------------------------
test_mystring test1                 : 3   of 3  
test_mystring test2                 : 3   of 3  
test_mystring test3                 : 3   of 3  
test_mystring test4                 : 3   of 3  
test_mystring test6                 : 3   of 3  
test_mystring test7                 : 3   of 3  
-------------------------------------------------
CS240: Lab 2. agraw185 Tue Nov 1 05:14:19 EDT 2022  Total:  18 of 21



-------------------------------------------------
CS240: Lab 2. agraw185   
Tue Nov  1 05:14:38 EDT 2022
-------------------------------------------------
test_mystring test1                 : 3   of 3  
test_mystring test2                 : 3   of 3  
test_mystring test3                 : 3   of 3  
test_mystring test4                 : 3   of 3  
test_mystring test6                 : 3   of 3  
test_mystring test7                 : 3   of 3  
-------------------------------------------------
CS240: Lab 2. agraw185 Tue Nov 1 05:14:38 EDT 2022  Total:  18 of 21



-------------------------------------------------
CS240: Lab 2. agraw185   
Tue Nov  1 09:47:26 EDT 2022
-------------------------------------------------
test_mystring test1                 : 3   of 3  
test_mystring test2                 : 3   of 3  
test_mystring test3                 : 3   of 3  
test_mystring test4                 : 3   of 3  
test_mystring test6                 : 3   of 3  
test_mystring test7                 : 3   of 3  
-------------------------------------------------
CS240: Lab 2. agraw185 Tue Nov 1 09:47:26 EDT 2022  Total:  18 of 21



-------------------------------------------------
CS240: Lab 2. agraw185   
Tue Nov  1 10:32:29 EDT 2022
-------------------------------------------------
test_mystring test1                 : 3   of 3  
test_mystring test2                 : 3   of 3  
test_mystring test3                 : 3   of 3  
test_mystring test4                 : 3   of 3  
test_mystring test5                 : 0   of 3  
test_mystring test6                 : 3   of 3  
test_mystring test7                 : 3   of 3  
-------------------------------------------------
CS240: Lab 2. agraw185 Tue Nov 1 10:32:29 EDT 2022  Total:  18 of 21



-------------------------------------------------
CS240: Lab 2. agraw185   
Tue Nov  1 10:59:42 EDT 2022
-------------------------------------------------
test_mystring test1                 : 3   of 3  
test_mystring test2                 : 3   of 3  
test_mystring test3                 : 3   of 3  
test_mystring test4                 : 3   of 3  
test_mystring test6                 : 3   of 3  
test_mystring test7                 : 3   of 3  
-------------------------------------------------
CS240: Lab 2. agraw185 Tue Nov 1 10:59:42 EDT 2022  Total:  18 of 21



-------------------------------------------------
CS240: Lab 2. agraw185   
Tue Nov  1 11:03:01 EDT 2022
-------------------------------------------------
test_mystring test1                 : 3   of 3  
test_mystring test2                 : 3   of 3  
test_mystring test3                 : 3   of 3  
test_mystring test4                 : 3   of 3  
test_mystring test5                 : 3   of 3  
test_mystring test6                 : 3   of 3  
test_mystring test7                 : 3   of 3  
-------------------------------------------------
CS240: Lab 2. agraw185 Tue Nov 1 11:03:01 EDT 2022  Total:  21 of 21



-------------------------------------------------
CS240: Lab 2. agraw185   
Tue Nov  1 17:38:30 EDT 2022
-------------------------------------------------
test_mystring test1                 : 3   of 3  
test_mystring test2                 : 3   of 3  
test_mystring test3                 : 3   of 3  
test_mystring test4                 : 3   of 3  
test_mystring test5                 : 3   of 3  
test_mystring test6                 : 3   of 3  
test_mystring test7                 : 3   of 3  
-------------------------------------------------
CS240: Lab 2. agraw185 Tue Nov 1 17:38:31 EDT 2022  Total:  21 of 21

