CS240: Exam2. cs240 Sun Oct 18 21:19:21 EDT 2015  Total:  0 of 20
0
20
CS240: Exam2. cs240 Sun Oct 18 21:20:20 EDT 2015  Total:  20 of 20
20
20
CS240: Exam2. cs240 Sun Oct 18 21:20:42 EDT 2015  Total:  20 of 20
20
20
CS240: Exam2. cs240 Mon Oct 19 02:25:22 EDT 2015  Total:  20 of 20
20
20
CS240: Exam2. cs240 Mon Oct 19 02:28:29 EDT 2015  Total:  20 of 20
20
20
CS240: Exam2. cs240 Mon Oct 19 04:44:10 EDT 2015  Total:  0 of 20
0
20
CS240: Exam2. cs240 Mon Oct 19 04:44:20 EDT 2015  Total:  0 of 20
0
20
CS240: Exam2. cs240 Mon Oct 19 04:48:00 EDT 2015  Total:  0 of 20
0
20
CS240: Exam2. cs240 Mon Oct 19 04:53:57 EDT 2015  Total:  0 of 20
0
20
CS240: Exam2. cs240 Mon Oct 19 12:58:22 EDT 2015  Total:  0 of 20
0
20
CS240: Exam2. cs240 Mon Mar 6 22:13:35 EST 2017  Total:  0 of 20
0
20
CS240: Exam2. agraw185 Mon Oct 31 18:50:40 EDT 2022  Total:  7 of 20
7
20
CS240: Exam2. agraw185 Mon Oct 31 19:17:03 EDT 2022  Total:  20 of 20
20
20
CS240: Exam2. agraw185 Mon Oct 31 19:17:14 EDT 2022  Total:  20 of 20
20
20
CS240: Exam2. agraw185 Tue Nov 8 16:50:45 EST 2022  Total:  20 of 20
20
20
CS240: Exam2. agraw185 Fri Dec 9 02:04:30 EST 2022  Total:  20 of 20
20
20
CS240: Exam2. agraw185 Fri Dec 16 09:21:22 EST 2022  Total:  20 of 20
20
20
