CS240: Exam3. pheldrin Thu Dec 10 20:12:55 EST 2015  Total:  25 of 25
25
25
CS240: Exam3. pheldrin Thu Dec 10 20:13:53 EST 2015  Total:  25 of 25
25
25
CS240: Exam3. pheldrin Fri Dec 11 00:41:36 EST 2015  Total:  25 of 25
25
25
CS240: Exam3. pheldrin Fri Dec 11 00:44:55 EST 2015  Total:  25 of 25
25
25
CS240: Exam3. pheldrin Fri Dec 11 22:03:10 EST 2015  Total:  25 of 25
25
25
CS240: Exam3. pheldrin Fri Dec 11 22:12:25 EST 2015  Total:  25 of 25
25
25
CS240: Exam3. pheldrin Fri Dec 11 22:13:32 EST 2015  Total:  25 of 25
25
25
CS240: Exam3. pheldrin Fri Dec 11 22:13:43 EST 2015  Total:  25 of 25
25
25
CS240: Exam3. pheldrin Fri Dec 11 22:20:51 EST 2015  Total:  25 of 25
25
25
CS240: Exam3. pheldrin Fri Dec 11 22:28:36 EST 2015  Total:  25 of 25
25
25
CS240: Exam3. pheldrin Fri Dec 11 22:40:19 EST 2015  Total:  25 of 25
25
25
CS240: Exam3. pheldrin Fri Dec 11 22:41:18 EST 2015  Total:  3 of 25
3
25
CS240: Exam3. pheldrin Fri Dec 11 22:41:24 EST 2015  Total:  3 of 25
3
25
CS240: Exam3. pheldrin Sun Dec 13 21:44:23 EST 2015  Total:  3 of 25
3
25
CS240: Exam3. pheldrin Sun Dec 13 21:44:34 EST 2015  Total:  3 of 25
3
25
CS240: Exam3. pheldrin Sun Dec 13 21:44:54 EST 2015  Total:  3 of 25
3
25
CS240: Exam3. cs240 Tue Nov 14 08:56:48 EST 2017  Total:  3 of 25
3
25
CS240: Exam3. cs240 Mon 28 Nov 2022 09:56:00 PM EST  Total:  3 of 25
3
25
CS240: Exam3. agraw185 Fri Dec 9 01:37:13 EST 2022  Total:  12 of 25
12
25
CS240: Exam3. agraw185 Fri Dec 9 01:56:19 EST 2022  Total:  15 of 25
15
25
CS240: Exam3. agraw185 Fri Dec 9 01:57:13 EST 2022  Total:  21 of 25
21
25
CS240: Exam3. agraw185 Fri Dec 9 01:58:15 EST 2022  Total:  24 of 25
24
25
CS240: Exam3. agraw185 Fri Dec 9 02:02:39 EST 2022  Total:  25 of 25
25
25
CS240: Exam3. agraw185 Fri Dec 9 02:02:56 EST 2022  Total:  25 of 25
25
25
