CS240: Exam2. pheldrin Thu Oct 15 21:29:55 EDT 2015  Total:  0 of 16
0
16
CS240: Exam2. pheldrin Thu Oct 15 21:30:09 EDT 2015  Total:  0 of 24
0
24
CS240: Exam2. pheldrin Thu Oct 15 21:41:39 EDT 2015  Total:  0 of 24
0
24
CS240: Exam2. pheldrin Thu Oct 15 21:42:30 EDT 2015  Total:  24 of 24
24
24
CS240: Exam2. pheldrin Thu Oct 15 21:44:20 EDT 2015  Total:  24 of 24
24
24
CS240: Exam2. pheldrin Thu Oct 15 21:49:11 EDT 2015  Total:  24 of 24
24
24
CS240: Exam2. pheldrin Thu Oct 15 21:49:42 EDT 2015  Total:  24 of 24
24
24
CS240: Exam2. pheldrin Thu Oct 15 21:51:26 EDT 2015  Total:  24 of 24
24
24
CS240: Exam2. pheldrin Thu Oct 15 21:51:59 EDT 2015  Total:  24 of 24
24
24
CS240: Exam2. pheldrin Thu Oct 15 21:53:28 EDT 2015  Total:  24 of 24
24
24
CS240: Exam2. pheldrin Thu Oct 15 21:56:52 EDT 2015  Total:  24 of 24
24
24
CS240: Exam2. pheldrin Fri Oct 16 02:36:21 EDT 2015  Total:  24 of 24
24
24
CS240: Exam2. pheldrin Sun Oct 18 00:27:35 EDT 2015  Total:  24 of 24
24
24
CS240: Exam2. pheldrin Sun Oct 18 19:29:30 EDT 2015  Total:  24 of 24
24
24
CS240: Exam2. pheldrin Sun Oct 18 19:33:00 EDT 2015  Total:  24 of 24
24
24
CS240: Exam2. pheldrin Sun Oct 18 19:39:34 EDT 2015  Total:  24 of 24
24
24
CS240: Exam2. pheldrin Sun Oct 18 19:41:04 EDT 2015  Total:  24 of 24
24
24
CS240: Exam2. pheldrin Mon Oct 19 00:08:21 EDT 2015  Total:  24 of 24
24
24
CS240: Exam2. cs240 Mon Oct 19 02:25:22 EDT 2015  Total:  24 of 24
24
24
CS240: Exam2. cs240 Mon Oct 19 02:26:33 EDT 2015  Total:  28 of 28
28
28
CS240: Exam2. cs240 Mon Oct 19 02:26:46 EDT 2015  Total:  30 of 30
30
30
CS240: Exam2. cs240 Mon Oct 19 02:28:28 EDT 2015  Total:  30 of 30
30
30
CS240: Exam2. cs240 Mon Oct 19 04:42:09 EDT 2015  Total:  0 of 30
0
30
CS240: Exam2. cs240 Mon Oct 19 04:44:19 EDT 2015  Total:  0 of 30
0
30
CS240: Exam2. cs240 Mon Oct 19 04:48:00 EDT 2015  Total:  0 of 30
0
30
CS240: Exam2. cs240 Mon Oct 19 04:53:56 EDT 2015  Total:  0 of 30
0
30
CS240: Exam2. cs240 Mon Oct 19 12:58:00 EDT 2015  Total:  0 of 30
0
30
CS240: Exam2. cs240 Mon Mar 6 22:13:34 EST 2017  Total:  0 of 30
0
30
CS240: Exam2. agraw185 Thu Oct 27 03:10:20 EDT 2022  Total:  7 of 30
7
30
CS240: Exam2. agraw185 Thu Oct 27 03:19:31 EDT 2022  Total:  7 of 30
7
30
CS240: Exam2. agraw185 Thu Oct 27 03:28:23 EDT 2022  Total:  7 of 30
7
30
CS240: Exam2. agraw185 Thu Oct 27 03:53:50 EDT 2022  Total:  7 of 30
7
30
CS240: Exam2. agraw185 Thu Oct 27 03:56:31 EDT 2022  Total:  7 of 30
7
30
CS240: Exam2. agraw185 Thu Oct 27 03:58:47 EDT 2022  Total:  7 of 30
7
30
CS240: Exam2. agraw185 Thu Oct 27 04:04:26 EDT 2022  Total:  7 of 30
7
30
CS240: Exam2. agraw185 Thu Oct 27 04:09:57 EDT 2022  Total:  7 of 30
7
30
CS240: Exam2. agraw185 Thu Oct 27 04:12:38 EDT 2022  Total:  7 of 30
7
30
CS240: Exam2. agraw185 Thu Oct 27 04:16:06 EDT 2022  Total:  14 of 30
14
30
CS240: Exam2. agraw185 Thu Oct 27 04:20:10 EDT 2022  Total:  22 of 30
22
30
CS240: Exam2. agraw185 Thu Oct 27 14:32:35 EDT 2022  Total:  30 of 30
30
30
CS240: Exam2. agraw185 Mon Oct 31 18:27:53 EDT 2022  Total:  30 of 30
30
30
CS240: Exam2. agraw185 Mon Oct 31 19:17:13 EDT 2022  Total:  30 of 30
30
30
CS240: Exam2. agraw185 Tue Nov 8 16:50:45 EST 2022  Total:  30 of 30
30
30
CS240: Exam2. agraw185 Fri Dec 9 02:04:30 EST 2022  Total:  30 of 30
30
30
