CS240: Exam2. pheldrin Fri Oct 16 02:35:47 EDT 2015  Total:  24 of 24
24
24
CS240: Exam2. pheldrin Fri Oct 16 02:36:21 EDT 2015  Total:  24 of 24
24
24
CS240: Exam2. pheldrin Fri Oct 16 02:36:43 EDT 2015  Total:  24 of 24
24
24
CS240: Exam2. pheldrin Sun Oct 18 00:27:35 EDT 2015  Total:  24 of 24
24
24
CS240: Exam2. pheldrin Sun Oct 18 16:37:54 EDT 2015  Total:  24 of 24
24
24
CS240: Exam2. pheldrin Sun Oct 18 16:38:34 EDT 2015  Total:  24 of 24
24
24
CS240: Exam2. pheldrin Sun Oct 18 16:38:55 EDT 2015  Total:  24 of 24
24
24
CS240: Exam2. pheldrin Sun Oct 18 16:39:20 EDT 2015  Total:  24 of 24
24
24
CS240: Exam2. pheldrin Sun Oct 18 16:39:38 EDT 2015  Total:  24 of 24
24
24
CS240: Exam2. pheldrin Sun Oct 18 17:36:05 EDT 2015  Total:  24 of 24
24
24
CS240: Exam2. pheldrin Sun Oct 18 19:29:30 EDT 2015  Total:  24 of 24
24
24
CS240: Exam2. pheldrin Sun Oct 18 19:41:04 EDT 2015  Total:  24 of 24
24
24
CS240: Exam2. pheldrin Mon Oct 19 00:08:22 EDT 2015  Total:  24 of 24
24
24
CS240: Exam2. cs240 Mon Oct 19 02:25:22 EDT 2015  Total:  24 of 24
24
24
CS240: Exam2. cs240 Mon Oct 19 02:27:00 EDT 2015  Total:  24 of 24
24
24
CS240: Exam2. cs240 Mon Oct 19 02:27:09 EDT 2015  Total:  26 of 26
26
26
CS240: Exam2. cs240 Mon Oct 19 02:27:34 EDT 2015  Total:  30 of 30
30
30
CS240: Exam2. cs240 Mon Oct 19 02:27:53 EDT 2015  Total:  30 of 30
30
30
CS240: Exam2. cs240 Mon Oct 19 02:28:29 EDT 2015  Total:  20 of 20
20
20
CS240: Exam2. cs240 Mon Oct 19 04:35:36 EDT 2015  Total:  20 of 20
20
20
CS240: Exam2. cs240 Mon Oct 19 04:43:03 EDT 2015  Total:  0 of 20
0
20
CS240: Exam2. cs240 Mon Oct 19 04:44:19 EDT 2015  Total:  0 of 20
0
20
CS240: Exam2. cs240 Mon Oct 19 04:48:00 EDT 2015  Total:  0 of 20
0
20
CS240: Exam2. cs240 Mon Oct 19 04:53:57 EDT 2015  Total:  0 of 20
0
20
CS240: Exam2. cs240 Mon Oct 19 12:58:09 EDT 2015  Total:  0 of 20
0
20
CS240: Exam2. cs240 Mon Mar 6 22:13:34 EST 2017  Total:  0 of 20
0
20
CS240: Exam2. agraw185 Thu Oct 27 14:33:53 EDT 2022  Total:  0 of 20
0
20
CS240: Exam2. agraw185 Thu Oct 27 14:43:39 EDT 2022  Total:  5 of 20
5
20
CS240: Exam2. agraw185 Thu Oct 27 15:03:50 EDT 2022  Total:  5 of 20
5
20
CS240: Exam2. agraw185 Thu Oct 27 15:07:54 EDT 2022  Total:  5 of 20
5
20
CS240: Exam2. agraw185 Thu Oct 27 15:10:48 EDT 2022  Total:  5 of 20
5
20
CS240: Exam2. agraw185 Thu Oct 27 15:12:27 EDT 2022  Total:  5 of 20
5
20
CS240: Exam2. agraw185 Thu Oct 27 15:32:43 EDT 2022  Total:  10 of 20
10
20
CS240: Exam2. agraw185 Thu Oct 27 15:34:29 EDT 2022  Total:  10 of 20
10
20
CS240: Exam2. agraw185 Thu Oct 27 15:36:43 EDT 2022  Total:  10 of 20
10
20
CS240: Exam2. agraw185 Thu Oct 27 15:43:15 EDT 2022  Total:  15 of 20
15
20
CS240: Exam2. agraw185 Thu Oct 27 16:00:46 EDT 2022  Total:  15 of 20
15
20
CS240: Exam2. agraw185 Thu Oct 27 16:02:25 EDT 2022  Total:  20 of 20
20
20
CS240: Exam2. agraw185 Mon Oct 31 18:28:06 EDT 2022  Total:  20 of 20
20
20
CS240: Exam2. agraw185 Mon Oct 31 19:17:13 EDT 2022  Total:  20 of 20
20
20
CS240: Exam2. agraw185 Tue Nov 8 16:50:45 EST 2022  Total:  20 of 20
20
20
CS240: Exam2. agraw185 Fri Dec 9 02:04:30 EST 2022  Total:  20 of 20
20
20
