CS240: lab4. cs240 Tue Oct 13 21:53:11 EDT 2015  Total:  9 of 100

CS240: lab4. cs240 Tue Oct 13 21:57:46 EDT 2015  Total:  10 of 100

CS240: lab4. cs240 Tue Oct 13 21:58:16 EDT 2015  Total:  -11 of 79

CS240: lab4. cs240 Tue Oct 13 22:00:08 EDT 2015  Total:  -14 of 64

CS240: lab4. cs240 Tue Oct 13 22:00:41 EDT 2015  Total:  -14 of 64

CS240: lab5. cs240 Tue Oct 13 22:01:11 EDT 2015  Total:  6 of 64

CS240: lab5. cs240 Sun Feb 26 17:26:15 EST 2017  Total:  6 of 64

CS240: lab7. cs240 Tue Feb 28 10:29:18 EST 2017  Total:  0 of 28

CS240: lab7. cs240 Tue Feb 28 10:29:22 EST 2017  Total:  0 of 28

CS240: lab7. agraw185 Mon Oct 17 23:02:55 EDT 2022  Total:  0 of 28

CS240: lab7. agraw185 Thu Oct 20 02:20:46 EDT 2022  Total:  8 of 28

CS240: lab7. agraw185 Thu Oct 20 02:23:03 EDT 2022  Total:  8 of 28

CS240: lab7. agraw185 Thu Oct 20 02:23:19 EDT 2022  Total:  8 of 28

CS240: lab7. agraw185 Thu Oct 20 02:24:00 EDT 2022  Total:  8 of 28

CS240: lab7. agraw185 Thu Oct 20 02:26:06 EDT 2022  Total:  8 of 28

CS240: lab7. agraw185 Thu Oct 20 02:27:56 EDT 2022  Total:  16 of 28

CS240: lab7. agraw185 Thu Oct 20 02:28:59 EDT 2022  Total:  16 of 28

CS240: lab7. agraw185 Thu Oct 20 02:30:57 EDT 2022  Total:  19 of 28

CS240: lab7. agraw185 Thu Oct 20 02:31:15 EDT 2022  Total:  19 of 28

CS240: lab7. agraw185 Thu Oct 20 02:31:18 EDT 2022  Total:  19 of 28

CS240: lab7. agraw185 Thu Oct 20 02:32:51 EDT 2022  Total:  19 of 28

CS240: lab7. agraw185 Thu Oct 20 02:32:59 EDT 2022  Total:  19 of 28

CS240: lab7. agraw185 Thu Oct 20 02:33:14 EDT 2022  Total:  28 of 28

CS240: lab7. agraw185 Thu Oct 20 17:03:04 EDT 2022  Total:  28 of 28

