[master 8691679] Commit lab 4
 Committer: Shivli Agrawal <agraw185@data.cs.purdue.edu>
Your name and email address were configured automatically based
on your username and hostname. Please check that they are accurate.
You can suppress this message by setting them explicitly. Run the
following command and follow the instructions in your editor to edit
your configuration file:

    git config --global --edit

After doing this, you may fix the identity used for this commit with:

    git commit --amend --reset-author

 2 files changed, 228 insertions(+), 31 deletions(-)
 create mode 100644 part1-org.c
[master 854b741] Commit lab 4
 Committer: Shivli Agrawal <agraw185@data.cs.purdue.edu>
Your name and email address were configured automatically based
on your username and hostname. Please check that they are accurate.
You can suppress this message by setting them explicitly. Run the
following command and follow the instructions in your editor to edit
your configuration file:

    git config --global --edit

After doing this, you may fix the identity used for this commit with:

    git commit --amend --reset-author

 1 file changed, 15 insertions(+), 42 deletions(-)
[master 571bf68] Commit lab 4
 Committer: Shivli Agrawal <agraw185@data.cs.purdue.edu>
Your name and email address were configured automatically based
on your username and hostname. Please check that they are accurate.
You can suppress this message by setting them explicitly. Run the
following command and follow the instructions in your editor to edit
your configuration file:

    git config --global --edit

After doing this, you may fix the identity used for this commit with:

    git commit --amend --reset-author

 2 files changed, 239 insertions(+), 167 deletions(-)
 copy part2.c => part2-org.c (100%)
 rewrite part2.c (84%)
[master 3711753] Commit lab 4
 Committer: Shivli Agrawal <agraw185@data.cs.purdue.edu>
Your name and email address were configured automatically based
on your username and hostname. Please check that they are accurate.
You can suppress this message by setting them explicitly. Run the
following command and follow the instructions in your editor to edit
your configuration file:

    git config --global --edit

After doing this, you may fix the identity used for this commit with:

    git commit --amend --reset-author

 1 file changed, 57 insertions(+), 48 deletions(-)
[master 0c8ddf5] Commit lab 4
 Committer: Shivli Agrawal <agraw185@data.cs.purdue.edu>
Your name and email address were configured automatically based
on your username and hostname. Please check that they are accurate.
You can suppress this message by setting them explicitly. Run the
following command and follow the instructions in your editor to edit
your configuration file:

    git config --global --edit

After doing this, you may fix the identity used for this commit with:

    git commit --amend --reset-author

 1 file changed, 5 insertions(+), 5 deletions(-)
[master 81c63de] Commit lab 4
 Committer: Shivli Agrawal <agraw185@data.cs.purdue.edu>
Your name and email address were configured automatically based
on your username and hostname. Please check that they are accurate.
You can suppress this message by setting them explicitly. Run the
following command and follow the instructions in your editor to edit
your configuration file:

    git config --global --edit

After doing this, you may fix the identity used for this commit with:

    git commit --amend --reset-author

 2 files changed, 304 insertions(+), 2 deletions(-)
 create mode 100644 part2-working.c
[master ca37b12] Commit lab 4
 Committer: Shivli Agrawal <agraw185@data.cs.purdue.edu>
Your name and email address were configured automatically based
on your username and hostname. Please check that they are accurate.
You can suppress this message by setting them explicitly. Run the
following command and follow the instructions in your editor to edit
your configuration file:

    git config --global --edit

After doing this, you may fix the identity used for this commit with:

    git commit --amend --reset-author

 1 file changed, 21 insertions(+), 2 deletions(-)
[master aac84a8] Commit lab 4
 Committer: Shivli Agrawal <agraw185@data.cs.purdue.edu>
Your name and email address were configured automatically based
on your username and hostname. Please check that they are accurate.
You can suppress this message by setting them explicitly. Run the
following command and follow the instructions in your editor to edit
your configuration file:

    git config --global --edit

After doing this, you may fix the identity used for this commit with:

    git commit --amend --reset-author

 1 file changed, 7 insertions(+), 4 deletions(-)
[master 91285cc] Commit lab 4
 Committer: Shivli Agrawal <agraw185@data.cs.purdue.edu>
Your name and email address were configured automatically based
on your username and hostname. Please check that they are accurate.
You can suppress this message by setting them explicitly. Run the
following command and follow the instructions in your editor to edit
your configuration file:

    git config --global --edit

After doing this, you may fix the identity used for this commit with:

    git commit --amend --reset-author

 2 files changed, 17 insertions(+), 34 deletions(-)
On branch master
Your branch is up to date with 'origin/master'.

Untracked files:
  (use "git add <file>..." to include in what will be committed)
	.local.git.out
	activation_energy_results.txt
	check_determinism_part1.sh
	check_determinism_part2.sh
	part1
	part2
	test_activation_energy.sh

nothing added to commit but untracked files present (use "git add" to track)
[master e940673] Commit lab 4
 Committer: Shivli Agrawal <agraw185@data.cs.purdue.edu>
Your name and email address were configured automatically based
on your username and hostname. Please check that they are accurate.
You can suppress this message by setting them explicitly. Run the
following command and follow the instructions in your editor to edit
your configuration file:

    git config --global --edit

After doing this, you may fix the identity used for this commit with:

    git commit --amend --reset-author

 1 file changed, 12 insertions(+), 2 deletions(-)
[master fe5baaf] Commit lab 4
 Committer: Shivli Agrawal <agraw185@data.cs.purdue.edu>
Your name and email address were configured automatically based
on your username and hostname. Please check that they are accurate.
You can suppress this message by setting them explicitly. Run the
following command and follow the instructions in your editor to edit
your configuration file:

    git config --global --edit

After doing this, you may fix the identity used for this commit with:

    git commit --amend --reset-author

 2 files changed, 142 insertions(+), 39 deletions(-)
 create mode 100644 part1-final.c
[master 2022555] Commit lab 4
 Committer: Shivli Agrawal <agraw185@data.cs.purdue.edu>
Your name and email address were configured automatically based
on your username and hostname. Please check that they are accurate.
You can suppress this message by setting them explicitly. Run the
following command and follow the instructions in your editor to edit
your configuration file:

    git config --global --edit

After doing this, you may fix the identity used for this commit with:

    git commit --amend --reset-author

 1 file changed, 352 insertions(+), 317 deletions(-)
 rewrite part2.c (91%)
On branch master
Your branch is up to date with 'origin/master'.

Untracked files:
  (use "git add <file>..." to include in what will be committed)
	.local.git.out
	.part2-org.c.swp
	activation_energy_results.txt
	check_determinism_part1.sh
	check_determinism_part2.sh
	part1
	part2
	test_activation_energy.sh

nothing added to commit but untracked files present (use "git add" to track)
[master d2abcd7] Submit lab 4
 Committer: Shivli Agrawal <agraw185@data.cs.purdue.edu>
Your name and email address were configured automatically based
on your username and hostname. Please check that they are accurate.
You can suppress this message by setting them explicitly. Run the
following command and follow the instructions in your editor to edit
your configuration file:

    git config --global --edit

After doing this, you may fix the identity used for this commit with:

    git commit --amend --reset-author

 1 file changed, 1 insertion(+)
 create mode 100644 .date
